2012/12/18 02:15:58 [error] [exception.CException] exception 'CException' with message 'Property "CWebApplication.baseBath" is not defined.' in C:\wamp\www\yii\framework\base\CComponent.php:131
Stack trace:
#0 C:\wamp\www\yii\framework\base\CModule.php(106): CComponent->__get('baseBath')
#1 C:\wamp\www\show\protected\modules\Admin\controllers\AdvertController.php(277): CModule->__get('baseBath')
#2 C:\wamp\www\yii\framework\web\actions\CInlineAction.php(50): AdvertController->actionDeleteImg()
#3 C:\wamp\www\yii\framework\web\CController.php(309): CInlineAction->runWithParams(Array)
#4 C:\wamp\www\yii\framework\web\filters\CFilterChain.php(134): CController->runAction(Object(CInlineAction))
#5 C:\wamp\www\yii\framework\web\filters\CFilter.php(41): CFilterChain->run()
#6 C:\wamp\www\yii\framework\web\CController.php(1146): CFilter->filter(Object(CFilterChain))
#7 C:\wamp\www\yii\framework\web\filters\CInlineFilter.php(59): CController->filterAccessControl(Object(CFilterChain))
#8 C:\wamp\www\yii\framework\web\filters\CFilterChain.php(131): CInlineFilter->filter(Object(CFilterChain))
#9 C:\wamp\www\yii\framework\web\CController.php(292): CFilterChain->run()
#10 C:\wamp\www\yii\framework\web\CController.php(266): CController->runActionWithFilters(Object(CInlineAction), Array)
#11 C:\wamp\www\yii\framework\web\CWebApplication.php(276): CController->run('deleteImg')
#12 C:\wamp\www\yii\framework\web\CWebApplication.php(135): CWebApplication->runController('Admin/advert/de...')
#13 C:\wamp\www\yii\framework\base\CApplication.php(162): CWebApplication->processRequest()
#14 C:\wamp\www\show\index.php(13): CApplication->run()
#15 {main}
REQUEST_URI=/show/index.php?r=Admin/advert/deleteImg&data=10&src=%2Fshow%2Fupload%2F1212%2F1212153-3.JPG
HTTP_REFERER=http://localhost/show/index.php?r=Admin/advert/edit
---
2012/12/18 02:16:05 [error] [exception.CException] exception 'CException' with message 'Property "CWebApplication.baseBath" is not defined.' in C:\wamp\www\yii\framework\base\CComponent.php:131
Stack trace:
#0 C:\wamp\www\yii\framework\base\CModule.php(106): CComponent->__get('baseBath')
#1 C:\wamp\www\show\protected\modules\Admin\controllers\AdvertController.php(277): CModule->__get('baseBath')
#2 C:\wamp\www\yii\framework\web\actions\CInlineAction.php(50): AdvertController->actionDeleteImg()
#3 C:\wamp\www\yii\framework\web\CController.php(309): CInlineAction->runWithParams(Array)
#4 C:\wamp\www\yii\framework\web\filters\CFilterChain.php(134): CController->runAction(Object(CInlineAction))
#5 C:\wamp\www\yii\framework\web\filters\CFilter.php(41): CFilterChain->run()
#6 C:\wamp\www\yii\framework\web\CController.php(1146): CFilter->filter(Object(CFilterChain))
#7 C:\wamp\www\yii\framework\web\filters\CInlineFilter.php(59): CController->filterAccessControl(Object(CFilterChain))
#8 C:\wamp\www\yii\framework\web\filters\CFilterChain.php(131): CInlineFilter->filter(Object(CFilterChain))
#9 C:\wamp\www\yii\framework\web\CController.php(292): CFilterChain->run()
#10 C:\wamp\www\yii\framework\web\CController.php(266): CController->runActionWithFilters(Object(CInlineAction), Array)
#11 C:\wamp\www\yii\framework\web\CWebApplication.php(276): CController->run('deleteImg')
#12 C:\wamp\www\yii\framework\web\CWebApplication.php(135): CWebApplication->runController('Admin/advert/de...')
#13 C:\wamp\www\yii\framework\base\CApplication.php(162): CWebApplication->processRequest()
#14 C:\wamp\www\show\index.php(13): CApplication->run()
#15 {main}
REQUEST_URI=/show/index.php?r=Admin/advert/deleteImg&data=10&src=%2Fshow%2Fupload%2F1212%2F1212153-3.JPG
HTTP_REFERER=http://localhost/show/index.php?r=Admin/advert/edit
---
2012/12/18 02:22:04 [error] [exception.CException] exception 'CException' with message 'Property "CHttpRequest.preload" is not defined.' in C:\wamp\www\yii\framework\base\CComponent.php:131
Stack trace:
#0 C:\wamp\www\show\protected\modules\Admin\controllers\AdvertController.php(280): CComponent->__get('preload')
#1 C:\wamp\www\yii\framework\web\actions\CInlineAction.php(50): AdvertController->actionDeleteImg()
#2 C:\wamp\www\yii\framework\web\CController.php(309): CInlineAction->runWithParams(Array)
#3 C:\wamp\www\yii\framework\web\filters\CFilterChain.php(134): CController->runAction(Object(CInlineAction))
#4 C:\wamp\www\yii\framework\web\filters\CFilter.php(41): CFilterChain->run()
#5 C:\wamp\www\yii\framework\web\CController.php(1146): CFilter->filter(Object(CFilterChain))
#6 C:\wamp\www\yii\framework\web\filters\CInlineFilter.php(59): CController->filterAccessControl(Object(CFilterChain))
#7 C:\wamp\www\yii\framework\web\filters\CFilterChain.php(131): CInlineFilter->filter(Object(CFilterChain))
#8 C:\wamp\www\yii\framework\web\CController.php(292): CFilterChain->run()
#9 C:\wamp\www\yii\framework\web\CController.php(266): CController->runActionWithFilters(Object(CInlineAction), Array)
#10 C:\wamp\www\yii\framework\web\CWebApplication.php(276): CController->run('deleteImg')
#11 C:\wamp\www\yii\framework\web\CWebApplication.php(135): CWebApplication->runController('Admin/advert/de...')
#12 C:\wamp\www\yii\framework\base\CApplication.php(162): CWebApplication->processRequest()
#13 C:\wamp\www\show\index.php(13): CApplication->run()
#14 {main}
REQUEST_URI=/show/index.php?r=Admin/advert/deleteImg&data=10&src=%2Fshow%2Fupload%2F1212%2F1212153-3.JPG
HTTP_REFERER=http://localhost/show/index.php?r=Admin/advert/edit
---
2012/12/18 02:22:06 [error] [exception.CException] exception 'CException' with message 'Property "CHttpRequest.preload" is not defined.' in C:\wamp\www\yii\framework\base\CComponent.php:131
Stack trace:
#0 C:\wamp\www\show\protected\modules\Admin\controllers\AdvertController.php(280): CComponent->__get('preload')
#1 C:\wamp\www\yii\framework\web\actions\CInlineAction.php(50): AdvertController->actionDeleteImg()
#2 C:\wamp\www\yii\framework\web\CController.php(309): CInlineAction->runWithParams(Array)
#3 C:\wamp\www\yii\framework\web\filters\CFilterChain.php(134): CController->runAction(Object(CInlineAction))
#4 C:\wamp\www\yii\framework\web\filters\CFilter.php(41): CFilterChain->run()
#5 C:\wamp\www\yii\framework\web\CController.php(1146): CFilter->filter(Object(CFilterChain))
#6 C:\wamp\www\yii\framework\web\filters\CInlineFilter.php(59): CController->filterAccessControl(Object(CFilterChain))
#7 C:\wamp\www\yii\framework\web\filters\CFilterChain.php(131): CInlineFilter->filter(Object(CFilterChain))
#8 C:\wamp\www\yii\framework\web\CController.php(292): CFilterChain->run()
#9 C:\wamp\www\yii\framework\web\CController.php(266): CController->runActionWithFilters(Object(CInlineAction), Array)
#10 C:\wamp\www\yii\framework\web\CWebApplication.php(276): CController->run('deleteImg')
#11 C:\wamp\www\yii\framework\web\CWebApplication.php(135): CWebApplication->runController('Admin/advert/de...')
#12 C:\wamp\www\yii\framework\base\CApplication.php(162): CWebApplication->processRequest()
#13 C:\wamp\www\show\index.php(13): CApplication->run()
#14 {main}
REQUEST_URI=/show/index.php?r=Admin/advert/deleteImg&data=10&src=%2Fshow%2Fupload%2F1212%2F1212153-3.JPG
HTTP_REFERER=http://localhost/show/index.php?r=Admin/advert/edit
---
2012/12/18 02:22:18 [error] [exception.CException] exception 'CException' with message 'Property "CHttpRequest.basePath" is not defined.' in C:\wamp\www\yii\framework\base\CComponent.php:131
Stack trace:
#0 C:\wamp\www\show\protected\modules\Admin\controllers\AdvertController.php(280): CComponent->__get('basePath')
#1 C:\wamp\www\yii\framework\web\actions\CInlineAction.php(50): AdvertController->actionDeleteImg()
#2 C:\wamp\www\yii\framework\web\CController.php(309): CInlineAction->runWithParams(Array)
#3 C:\wamp\www\yii\framework\web\filters\CFilterChain.php(134): CController->runAction(Object(CInlineAction))
#4 C:\wamp\www\yii\framework\web\filters\CFilter.php(41): CFilterChain->run()
#5 C:\wamp\www\yii\framework\web\CController.php(1146): CFilter->filter(Object(CFilterChain))
#6 C:\wamp\www\yii\framework\web\filters\CInlineFilter.php(59): CController->filterAccessControl(Object(CFilterChain))
#7 C:\wamp\www\yii\framework\web\filters\CFilterChain.php(131): CInlineFilter->filter(Object(CFilterChain))
#8 C:\wamp\www\yii\framework\web\CController.php(292): CFilterChain->run()
#9 C:\wamp\www\yii\framework\web\CController.php(266): CController->runActionWithFilters(Object(CInlineAction), Array)
#10 C:\wamp\www\yii\framework\web\CWebApplication.php(276): CController->run('deleteImg')
#11 C:\wamp\www\yii\framework\web\CWebApplication.php(135): CWebApplication->runController('Admin/advert/de...')
#12 C:\wamp\www\yii\framework\base\CApplication.php(162): CWebApplication->processRequest()
#13 C:\wamp\www\show\index.php(13): CApplication->run()
#14 {main}
REQUEST_URI=/show/index.php?r=Admin/advert/deleteImg&data=10&src=%2Fshow%2Fupload%2F1212%2F1212153-3.JPG
HTTP_REFERER=http://localhost/show/index.php?r=Admin/advert/edit
---
2012/12/18 02:22:37 [error] [php] Array to string conversion (C:\wamp\www\show\protected\modules\Admin\controllers\AdvertController.php:280)
Stack trace:
#0 C:\wamp\www\yii\framework\web\filters\CFilterChain.php(134): AdvertController->runAction()
#1 C:\wamp\www\yii\framework\web\filters\CFilter.php(41): CFilterChain->run()
#2 C:\wamp\www\yii\framework\web\CController.php(1146): CAccessControlFilter->filter()
#3 C:\wamp\www\yii\framework\web\filters\CInlineFilter.php(59): AdvertController->filterAccessControl()
#4 C:\wamp\www\yii\framework\web\filters\CFilterChain.php(131): CInlineFilter->filter()
#5 C:\wamp\www\yii\framework\web\CController.php(292): CFilterChain->run()
#6 C:\wamp\www\yii\framework\web\CController.php(266): AdvertController->runActionWithFilters()
#7 C:\wamp\www\yii\framework\web\CWebApplication.php(276): AdvertController->run()
#8 C:\wamp\www\yii\framework\web\CWebApplication.php(135): CWebApplication->runController()
#9 C:\wamp\www\yii\framework\base\CApplication.php(162): CWebApplication->processRequest()
#10 C:\wamp\www\show\index.php(13): CWebApplication->run()
REQUEST_URI=/show/index.php?r=Admin/advert/deleteImg&data=10&src=%2Fshow%2Fupload%2F1212%2F1212153-3.JPG
in C:\wamp\www\show\protected\modules\Admin\controllers\AdvertController.php (280)
in C:\wamp\www\show\index.php (13)
2012/12/18 02:30:12 [error] [exception.CException] exception 'CException' with message 'Property "CWebApplication.aliases" is not defined.' in C:\wamp\www\yii\framework\base\CComponent.php:131
Stack trace:
#0 C:\wamp\www\yii\framework\base\CModule.php(106): CComponent->__get('aliases')
#1 C:\wamp\www\show\protected\modules\Admin\controllers\AdvertController.php(281): CModule->__get('aliases')
#2 C:\wamp\www\yii\framework\web\actions\CInlineAction.php(50): AdvertController->actionDeleteImg()
#3 C:\wamp\www\yii\framework\web\CController.php(309): CInlineAction->runWithParams(Array)
#4 C:\wamp\www\yii\framework\web\filters\CFilterChain.php(134): CController->runAction(Object(CInlineAction))
#5 C:\wamp\www\yii\framework\web\filters\CFilter.php(41): CFilterChain->run()
#6 C:\wamp\www\yii\framework\web\CController.php(1146): CFilter->filter(Object(CFilterChain))
#7 C:\wamp\www\yii\framework\web\filters\CInlineFilter.php(59): CController->filterAccessControl(Object(CFilterChain))
#8 C:\wamp\www\yii\framework\web\filters\CFilterChain.php(131): CInlineFilter->filter(Object(CFilterChain))
#9 C:\wamp\www\yii\framework\web\CController.php(292): CFilterChain->run()
#10 C:\wamp\www\yii\framework\web\CController.php(266): CController->runActionWithFilters(Object(CInlineAction), Array)
#11 C:\wamp\www\yii\framework\web\CWebApplication.php(276): CController->run('deleteImg')
#12 C:\wamp\www\yii\framework\web\CWebApplication.php(135): CWebApplication->runController('Admin/advert/de...')
#13 C:\wamp\www\yii\framework\base\CApplication.php(162): CWebApplication->processRequest()
#14 C:\wamp\www\show\index.php(13): CApplication->run()
#15 {main}
REQUEST_URI=/show/index.php?r=Admin/advert/deleteImg&data=10&src=%2Fshow%2Fupload%2F1212%2F1212153-3.JPG
HTTP_REFERER=http://localhost/show/index.php?r=Admin/advert/edit
---
2012/12/18 02:30:13 [error] [exception.CException] exception 'CException' with message 'Property "CWebApplication.aliases" is not defined.' in C:\wamp\www\yii\framework\base\CComponent.php:131
Stack trace:
#0 C:\wamp\www\yii\framework\base\CModule.php(106): CComponent->__get('aliases')
#1 C:\wamp\www\show\protected\modules\Admin\controllers\AdvertController.php(281): CModule->__get('aliases')
#2 C:\wamp\www\yii\framework\web\actions\CInlineAction.php(50): AdvertController->actionDeleteImg()
#3 C:\wamp\www\yii\framework\web\CController.php(309): CInlineAction->runWithParams(Array)
#4 C:\wamp\www\yii\framework\web\filters\CFilterChain.php(134): CController->runAction(Object(CInlineAction))
#5 C:\wamp\www\yii\framework\web\filters\CFilter.php(41): CFilterChain->run()
#6 C:\wamp\www\yii\framework\web\CController.php(1146): CFilter->filter(Object(CFilterChain))
#7 C:\wamp\www\yii\framework\web\filters\CInlineFilter.php(59): CController->filterAccessControl(Object(CFilterChain))
#8 C:\wamp\www\yii\framework\web\filters\CFilterChain.php(131): CInlineFilter->filter(Object(CFilterChain))
#9 C:\wamp\www\yii\framework\web\CController.php(292): CFilterChain->run()
#10 C:\wamp\www\yii\framework\web\CController.php(266): CController->runActionWithFilters(Object(CInlineAction), Array)
#11 C:\wamp\www\yii\framework\web\CWebApplication.php(276): CController->run('deleteImg')
#12 C:\wamp\www\yii\framework\web\CWebApplication.php(135): CWebApplication->runController('Admin/advert/de...')
#13 C:\wamp\www\yii\framework\base\CApplication.php(162): CWebApplication->processRequest()
#14 C:\wamp\www\show\index.php(13): CApplication->run()
#15 {main}
REQUEST_URI=/show/index.php?r=Admin/advert/deleteImg&data=10&src=%2Fshow%2Fupload%2F1212%2F1212153-3.JPG
HTTP_REFERER=http://localhost/show/index.php?r=Admin/advert/edit
---
2012/12/18 02:30:51 [error] [exception.CException] exception 'CException' with message 'Property "CWebApplication.aliases" is not defined.' in C:\wamp\www\yii\framework\base\CComponent.php:131
Stack trace:
#0 C:\wamp\www\yii\framework\base\CModule.php(106): CComponent->__get('aliases')
#1 C:\wamp\www\show\protected\modules\Admin\controllers\AdvertController.php(281): CModule->__get('aliases')
#2 C:\wamp\www\yii\framework\web\actions\CInlineAction.php(50): AdvertController->actionDeleteImg()
#3 C:\wamp\www\yii\framework\web\CController.php(309): CInlineAction->runWithParams(Array)
#4 C:\wamp\www\yii\framework\web\filters\CFilterChain.php(134): CController->runAction(Object(CInlineAction))
#5 C:\wamp\www\yii\framework\web\filters\CFilter.php(41): CFilterChain->run()
#6 C:\wamp\www\yii\framework\web\CController.php(1146): CFilter->filter(Object(CFilterChain))
#7 C:\wamp\www\yii\framework\web\filters\CInlineFilter.php(59): CController->filterAccessControl(Object(CFilterChain))
#8 C:\wamp\www\yii\framework\web\filters\CFilterChain.php(131): CInlineFilter->filter(Object(CFilterChain))
#9 C:\wamp\www\yii\framework\web\CController.php(292): CFilterChain->run()
#10 C:\wamp\www\yii\framework\web\CController.php(266): CController->runActionWithFilters(Object(CInlineAction), Array)
#11 C:\wamp\www\yii\framework\web\CWebApplication.php(276): CController->run('deleteImg')
#12 C:\wamp\www\yii\framework\web\CWebApplication.php(135): CWebApplication->runController('Admin/advert/de...')
#13 C:\wamp\www\yii\framework\base\CApplication.php(162): CWebApplication->processRequest()
#14 C:\wamp\www\show\index.php(13): CApplication->run()
#15 {main}
REQUEST_URI=/show/index.php?r=Admin/advert/deleteImg&data=10&src=%2Fshow%2Fupload%2F1212%2F1212153-3.JPG
HTTP_REFERER=http://localhost/show/index.php?r=Admin/advert/edit
---
2012/12/18 02:31:10 [error] [exception.CException] exception 'CException' with message 'Property "CWebApplication.aliases" is not defined.' in C:\wamp\www\yii\framework\base\CComponent.php:131
Stack trace:
#0 C:\wamp\www\yii\framework\base\CModule.php(106): CComponent->__get('aliases')
#1 C:\wamp\www\show\protected\modules\Admin\controllers\AdvertController.php(281): CModule->__get('aliases')
#2 C:\wamp\www\yii\framework\web\actions\CInlineAction.php(50): AdvertController->actionDeleteImg()
#3 C:\wamp\www\yii\framework\web\CController.php(309): CInlineAction->runWithParams(Array)
#4 C:\wamp\www\yii\framework\web\filters\CFilterChain.php(134): CController->runAction(Object(CInlineAction))
#5 C:\wamp\www\yii\framework\web\filters\CFilter.php(41): CFilterChain->run()
#6 C:\wamp\www\yii\framework\web\CController.php(1146): CFilter->filter(Object(CFilterChain))
#7 C:\wamp\www\yii\framework\web\filters\CInlineFilter.php(59): CController->filterAccessControl(Object(CFilterChain))
#8 C:\wamp\www\yii\framework\web\filters\CFilterChain.php(131): CInlineFilter->filter(Object(CFilterChain))
#9 C:\wamp\www\yii\framework\web\CController.php(292): CFilterChain->run()
#10 C:\wamp\www\yii\framework\web\CController.php(266): CController->runActionWithFilters(Object(CInlineAction), Array)
#11 C:\wamp\www\yii\framework\web\CWebApplication.php(276): CController->run('deleteImg')
#12 C:\wamp\www\yii\framework\web\CWebApplication.php(135): CWebApplication->runController('Admin/advert/de...')
#13 C:\wamp\www\yii\framework\base\CApplication.php(162): CWebApplication->processRequest()
#14 C:\wamp\www\show\index.php(13): CApplication->run()
#15 {main}
REQUEST_URI=/show/index.php?r=Admin/advert/deleteImg&data=10&src=%2Fshow%2Fupload%2F1212%2F1212153-3.JPG
HTTP_REFERER=http://localhost/show/index.php?r=Admin/advert/edit
---
2012/12/18 02:31:10 [error] [exception.CException] exception 'CException' with message 'Property "CWebApplication.aliases" is not defined.' in C:\wamp\www\yii\framework\base\CComponent.php:131
Stack trace:
#0 C:\wamp\www\yii\framework\base\CModule.php(106): CComponent->__get('aliases')
#1 C:\wamp\www\show\protected\modules\Admin\controllers\AdvertController.php(281): CModule->__get('aliases')
#2 C:\wamp\www\yii\framework\web\actions\CInlineAction.php(50): AdvertController->actionDeleteImg()
#3 C:\wamp\www\yii\framework\web\CController.php(309): CInlineAction->runWithParams(Array)
#4 C:\wamp\www\yii\framework\web\filters\CFilterChain.php(134): CController->runAction(Object(CInlineAction))
#5 C:\wamp\www\yii\framework\web\filters\CFilter.php(41): CFilterChain->run()
#6 C:\wamp\www\yii\framework\web\CController.php(1146): CFilter->filter(Object(CFilterChain))
#7 C:\wamp\www\yii\framework\web\filters\CInlineFilter.php(59): CController->filterAccessControl(Object(CFilterChain))
#8 C:\wamp\www\yii\framework\web\filters\CFilterChain.php(131): CInlineFilter->filter(Object(CFilterChain))
#9 C:\wamp\www\yii\framework\web\CController.php(292): CFilterChain->run()
#10 C:\wamp\www\yii\framework\web\CController.php(266): CController->runActionWithFilters(Object(CInlineAction), Array)
#11 C:\wamp\www\yii\framework\web\CWebApplication.php(276): CController->run('deleteImg')
#12 C:\wamp\www\yii\framework\web\CWebApplication.php(135): CWebApplication->runController('Admin/advert/de...')
#13 C:\wamp\www\yii\framework\base\CApplication.php(162): CWebApplication->processRequest()
#14 C:\wamp\www\show\index.php(13): CApplication->run()
#15 {main}
REQUEST_URI=/show/index.php?r=Admin/advert/deleteImg&data=10&src=%2Fshow%2Fupload%2F1212%2F1212153-3.JPG
HTTP_REFERER=http://localhost/show/index.php?r=Admin/advert/edit
---
2012/12/18 02:31:10 [error] [exception.CException] exception 'CException' with message 'Property "CWebApplication.aliases" is not defined.' in C:\wamp\www\yii\framework\base\CComponent.php:131
Stack trace:
#0 C:\wamp\www\yii\framework\base\CModule.php(106): CComponent->__get('aliases')
#1 C:\wamp\www\show\protected\modules\Admin\controllers\AdvertController.php(281): CModule->__get('aliases')
#2 C:\wamp\www\yii\framework\web\actions\CInlineAction.php(50): AdvertController->actionDeleteImg()
#3 C:\wamp\www\yii\framework\web\CController.php(309): CInlineAction->runWithParams(Array)
#4 C:\wamp\www\yii\framework\web\filters\CFilterChain.php(134): CController->runAction(Object(CInlineAction))
#5 C:\wamp\www\yii\framework\web\filters\CFilter.php(41): CFilterChain->run()
#6 C:\wamp\www\yii\framework\web\CController.php(1146): CFilter->filter(Object(CFilterChain))
#7 C:\wamp\www\yii\framework\web\filters\CInlineFilter.php(59): CController->filterAccessControl(Object(CFilterChain))
#8 C:\wamp\www\yii\framework\web\filters\CFilterChain.php(131): CInlineFilter->filter(Object(CFilterChain))
#9 C:\wamp\www\yii\framework\web\CController.php(292): CFilterChain->run()
#10 C:\wamp\www\yii\framework\web\CController.php(266): CController->runActionWithFilters(Object(CInlineAction), Array)
#11 C:\wamp\www\yii\framework\web\CWebApplication.php(276): CController->run('deleteImg')
#12 C:\wamp\www\yii\framework\web\CWebApplication.php(135): CWebApplication->runController('Admin/advert/de...')
#13 C:\wamp\www\yii\framework\base\CApplication.php(162): CWebApplication->processRequest()
#14 C:\wamp\www\show\index.php(13): CApplication->run()
#15 {main}
REQUEST_URI=/show/index.php?r=Admin/advert/deleteImg&data=10&src=%2Fshow%2Fupload%2F1212%2F1212153-3.JPG
HTTP_REFERER=http://localhost/show/index.php?r=Admin/advert/edit
---
2012/12/18 02:33:03 [error] [php] Undefined variable: path (C:\wamp\www\show\protected\modules\Admin\controllers\AdvertController.php:280)
Stack trace:
#0 C:\wamp\www\yii\framework\web\filters\CFilterChain.php(134): AdvertController->runAction()
#1 C:\wamp\www\yii\framework\web\filters\CFilter.php(41): CFilterChain->run()
#2 C:\wamp\www\yii\framework\web\CController.php(1146): CAccessControlFilter->filter()
#3 C:\wamp\www\yii\framework\web\filters\CInlineFilter.php(59): AdvertController->filterAccessControl()
#4 C:\wamp\www\yii\framework\web\filters\CFilterChain.php(131): CInlineFilter->filter()
#5 C:\wamp\www\yii\framework\web\CController.php(292): CFilterChain->run()
#6 C:\wamp\www\yii\framework\web\CController.php(266): AdvertController->runActionWithFilters()
#7 C:\wamp\www\yii\framework\web\CWebApplication.php(276): AdvertController->run()
#8 C:\wamp\www\yii\framework\web\CWebApplication.php(135): CWebApplication->runController()
#9 C:\wamp\www\yii\framework\base\CApplication.php(162): CWebApplication->processRequest()
#10 C:\wamp\www\show\index.php(13): CWebApplication->run()
REQUEST_URI=/show/index.php?r=Admin/advert/deleteImg&data=10&src=%2Fshow%2Fupload%2F1212%2F1212153-3.JPG
in C:\wamp\www\show\protected\modules\Admin\controllers\AdvertController.php (280)
in C:\wamp\www\show\index.php (13)
2012/12/18 02:33:15 [error] [php] Use of undefined constant DOCUMENT_ROOT - assumed 'DOCUMENT_ROOT' (C:\wamp\www\show\protected\modules\Admin\controllers\AdvertController.php:277)
Stack trace:
#0 C:\wamp\www\yii\framework\web\filters\CFilterChain.php(134): AdvertController->runAction()
#1 C:\wamp\www\yii\framework\web\filters\CFilter.php(41): CFilterChain->run()
#2 C:\wamp\www\yii\framework\web\CController.php(1146): CAccessControlFilter->filter()
#3 C:\wamp\www\yii\framework\web\filters\CInlineFilter.php(59): AdvertController->filterAccessControl()
#4 C:\wamp\www\yii\framework\web\filters\CFilterChain.php(131): CInlineFilter->filter()
#5 C:\wamp\www\yii\framework\web\CController.php(292): CFilterChain->run()
#6 C:\wamp\www\yii\framework\web\CController.php(266): AdvertController->runActionWithFilters()
#7 C:\wamp\www\yii\framework\web\CWebApplication.php(276): AdvertController->run()
#8 C:\wamp\www\yii\framework\web\CWebApplication.php(135): CWebApplication->runController()
#9 C:\wamp\www\yii\framework\base\CApplication.php(162): CWebApplication->processRequest()
#10 C:\wamp\www\show\index.php(13): CWebApplication->run()
REQUEST_URI=/show/index.php?r=Admin/advert/deleteImg&data=10&src=%2Fshow%2Fupload%2F1212%2F1212153-3.JPG
in C:\wamp\www\show\protected\modules\Admin\controllers\AdvertController.php (277)
in C:\wamp\www\show\index.php (13)
2012/12/18 02:33:21 [error] [php] Use of undefined constant DOCUMENT_ROOT - assumed 'DOCUMENT_ROOT' (C:\wamp\www\show\protected\modules\Admin\controllers\AdvertController.php:277)
Stack trace:
#0 C:\wamp\www\yii\framework\web\filters\CFilterChain.php(134): AdvertController->runAction()
#1 C:\wamp\www\yii\framework\web\filters\CFilter.php(41): CFilterChain->run()
#2 C:\wamp\www\yii\framework\web\CController.php(1146): CAccessControlFilter->filter()
#3 C:\wamp\www\yii\framework\web\filters\CInlineFilter.php(59): AdvertController->filterAccessControl()
#4 C:\wamp\www\yii\framework\web\filters\CFilterChain.php(131): CInlineFilter->filter()
#5 C:\wamp\www\yii\framework\web\CController.php(292): CFilterChain->run()
#6 C:\wamp\www\yii\framework\web\CController.php(266): AdvertController->runActionWithFilters()
#7 C:\wamp\www\yii\framework\web\CWebApplication.php(276): AdvertController->run()
#8 C:\wamp\www\yii\framework\web\CWebApplication.php(135): CWebApplication->runController()
#9 C:\wamp\www\yii\framework\base\CApplication.php(162): CWebApplication->processRequest()
#10 C:\wamp\www\show\index.php(13): CWebApplication->run()
REQUEST_URI=/show/index.php?r=Admin/advert/deleteImg&data=10&src=%2Fshow%2Fupload%2F1212%2F1212153-3.JPG
in C:\wamp\www\show\protected\modules\Admin\controllers\AdvertController.php (277)
in C:\wamp\www\show\index.php (13)
2012/12/18 02:53:19 [error] [php] Undefined variable: test (C:\wamp\www\show\protected\modules\Admin\controllers\AdvertController.php:280)
Stack trace:
#0 C:\wamp\www\yii\framework\web\filters\CFilterChain.php(134): AdvertController->runAction()
#1 C:\wamp\www\yii\framework\web\filters\CFilter.php(41): CFilterChain->run()
#2 C:\wamp\www\yii\framework\web\CController.php(1146): CAccessControlFilter->filter()
#3 C:\wamp\www\yii\framework\web\filters\CInlineFilter.php(59): AdvertController->filterAccessControl()
#4 C:\wamp\www\yii\framework\web\filters\CFilterChain.php(131): CInlineFilter->filter()
#5 C:\wamp\www\yii\framework\web\CController.php(292): CFilterChain->run()
#6 C:\wamp\www\yii\framework\web\CController.php(266): AdvertController->runActionWithFilters()
#7 C:\wamp\www\yii\framework\web\CWebApplication.php(276): AdvertController->run()
#8 C:\wamp\www\yii\framework\web\CWebApplication.php(135): CWebApplication->runController()
#9 C:\wamp\www\yii\framework\base\CApplication.php(162): CWebApplication->processRequest()
#10 C:\wamp\www\show\index.php(13): CWebApplication->run()
REQUEST_URI=/show/index.php?r=Admin/advert/deleteImg&data=14&src=%2Fshow%2Fupload%2F1212%2F1212156-3.JPG
in C:\wamp\www\show\protected\modules\Admin\controllers\AdvertController.php (280)
in C:\wamp\www\show\index.php (13)
2012/12/18 02:54:01 [error] [php] Undefined variable: test (C:\wamp\www\show\protected\modules\Admin\controllers\AdvertController.php:280)
Stack trace:
#0 C:\wamp\www\yii\framework\web\filters\CFilterChain.php(134): AdvertController->runAction()
#1 C:\wamp\www\yii\framework\web\filters\CFilter.php(41): CFilterChain->run()
#2 C:\wamp\www\yii\framework\web\CController.php(1146): CAccessControlFilter->filter()
#3 C:\wamp\www\yii\framework\web\filters\CInlineFilter.php(59): AdvertController->filterAccessControl()
#4 C:\wamp\www\yii\framework\web\filters\CFilterChain.php(131): CInlineFilter->filter()
#5 C:\wamp\www\yii\framework\web\CController.php(292): CFilterChain->run()
#6 C:\wamp\www\yii\framework\web\CController.php(266): AdvertController->runActionWithFilters()
#7 C:\wamp\www\yii\framework\web\CWebApplication.php(276): AdvertController->run()
#8 C:\wamp\www\yii\framework\web\CWebApplication.php(135): CWebApplication->runController()
#9 C:\wamp\www\yii\framework\base\CApplication.php(162): CWebApplication->processRequest()
#10 C:\wamp\www\show\index.php(13): CWebApplication->run()
REQUEST_URI=/show/index.php?r=Admin/advert/deleteImg&data=14&src=%2Fshow%2Fupload%2F1212%2F1212156-3.JPG
in C:\wamp\www\show\protected\modules\Admin\controllers\AdvertController.php (280)
in C:\wamp\www\show\index.php (13)
2012/12/18 02:54:17 [error] [php] Undefined variable: test (C:\wamp\www\show\protected\modules\Admin\controllers\AdvertController.php:280)
Stack trace:
#0 C:\wamp\www\yii\framework\web\filters\CFilterChain.php(134): AdvertController->runAction()
#1 C:\wamp\www\yii\framework\web\filters\CFilter.php(41): CFilterChain->run()
#2 C:\wamp\www\yii\framework\web\CController.php(1146): CAccessControlFilter->filter()
#3 C:\wamp\www\yii\framework\web\filters\CInlineFilter.php(59): AdvertController->filterAccessControl()
#4 C:\wamp\www\yii\framework\web\filters\CFilterChain.php(131): CInlineFilter->filter()
#5 C:\wamp\www\yii\framework\web\CController.php(292): CFilterChain->run()
#6 C:\wamp\www\yii\framework\web\CController.php(266): AdvertController->runActionWithFilters()
#7 C:\wamp\www\yii\framework\web\CWebApplication.php(276): AdvertController->run()
#8 C:\wamp\www\yii\framework\web\CWebApplication.php(135): CWebApplication->runController()
#9 C:\wamp\www\yii\framework\base\CApplication.php(162): CWebApplication->processRequest()
#10 C:\wamp\www\show\index.php(13): CWebApplication->run()
REQUEST_URI=/show/index.php?r=Admin/advert/deleteImg&data=14&src=%2Fshow%2Fupload%2F1212%2F1212156-3.JPG
in C:\wamp\www\show\protected\modules\Admin\controllers\AdvertController.php (280)
in C:\wamp\www\show\index.php (13)
2012/12/18 02:54:23 [error] [php] Undefined variable: test (C:\wamp\www\show\protected\modules\Admin\controllers\AdvertController.php:280)
Stack trace:
#0 C:\wamp\www\yii\framework\web\filters\CFilterChain.php(134): AdvertController->runAction()
#1 C:\wamp\www\yii\framework\web\filters\CFilter.php(41): CFilterChain->run()
#2 C:\wamp\www\yii\framework\web\CController.php(1146): CAccessControlFilter->filter()
#3 C:\wamp\www\yii\framework\web\filters\CInlineFilter.php(59): AdvertController->filterAccessControl()
#4 C:\wamp\www\yii\framework\web\filters\CFilterChain.php(131): CInlineFilter->filter()
#5 C:\wamp\www\yii\framework\web\CController.php(292): CFilterChain->run()
#6 C:\wamp\www\yii\framework\web\CController.php(266): AdvertController->runActionWithFilters()
#7 C:\wamp\www\yii\framework\web\CWebApplication.php(276): AdvertController->run()
#8 C:\wamp\www\yii\framework\web\CWebApplication.php(135): CWebApplication->runController()
#9 C:\wamp\www\yii\framework\base\CApplication.php(162): CWebApplication->processRequest()
#10 C:\wamp\www\show\index.php(13): CWebApplication->run()
REQUEST_URI=/show/index.php?r=Admin/advert/deleteImg&data=14&src=%2Fshow%2Fupload%2F1212%2F1212156-3.JPG
in C:\wamp\www\show\protected\modules\Admin\controllers\AdvertController.php (280)
in C:\wamp\www\show\index.php (13)
2012/12/18 02:54:31 [error] [php] Undefined variable: test (C:\wamp\www\show\protected\modules\Admin\controllers\AdvertController.php:280)
Stack trace:
#0 C:\wamp\www\yii\framework\web\filters\CFilterChain.php(134): AdvertController->runAction()
#1 C:\wamp\www\yii\framework\web\filters\CFilter.php(41): CFilterChain->run()
#2 C:\wamp\www\yii\framework\web\CController.php(1146): CAccessControlFilter->filter()
#3 C:\wamp\www\yii\framework\web\filters\CInlineFilter.php(59): AdvertController->filterAccessControl()
#4 C:\wamp\www\yii\framework\web\filters\CFilterChain.php(131): CInlineFilter->filter()
#5 C:\wamp\www\yii\framework\web\CController.php(292): CFilterChain->run()
#6 C:\wamp\www\yii\framework\web\CController.php(266): AdvertController->runActionWithFilters()
#7 C:\wamp\www\yii\framework\web\CWebApplication.php(276): AdvertController->run()
#8 C:\wamp\www\yii\framework\web\CWebApplication.php(135): CWebApplication->runController()
#9 C:\wamp\www\yii\framework\base\CApplication.php(162): CWebApplication->processRequest()
#10 C:\wamp\www\show\index.php(13): CWebApplication->run()
REQUEST_URI=/show/index.php?r=Admin/advert/deleteImg&data=14&src=%2Fshow%2Fupload%2F1212%2F1212156-3.JPG
in C:\wamp\www\show\protected\modules\Admin\controllers\AdvertController.php (280)
in C:\wamp\www\show\index.php (13)
2012/12/18 02:54:48 [error] [exception.CException] exception 'CException' with message 'Property "AdvertController.test" is not defined.' in C:\wamp\www\yii\framework\base\CComponent.php:131
Stack trace:
#0 C:\wamp\www\show\protected\modules\Admin\controllers\AdvertController.php(280): CComponent->__get('test')
#1 C:\wamp\www\yii\framework\web\actions\CInlineAction.php(50): AdvertController->actionDeleteImg()
#2 C:\wamp\www\yii\framework\web\CController.php(309): CInlineAction->runWithParams(Array)
#3 C:\wamp\www\yii\framework\web\filters\CFilterChain.php(134): CController->runAction(Object(CInlineAction))
#4 C:\wamp\www\yii\framework\web\filters\CFilter.php(41): CFilterChain->run()
#5 C:\wamp\www\yii\framework\web\CController.php(1146): CFilter->filter(Object(CFilterChain))
#6 C:\wamp\www\yii\framework\web\filters\CInlineFilter.php(59): CController->filterAccessControl(Object(CFilterChain))
#7 C:\wamp\www\yii\framework\web\filters\CFilterChain.php(131): CInlineFilter->filter(Object(CFilterChain))
#8 C:\wamp\www\yii\framework\web\CController.php(292): CFilterChain->run()
#9 C:\wamp\www\yii\framework\web\CController.php(266): CController->runActionWithFilters(Object(CInlineAction), Array)
#10 C:\wamp\www\yii\framework\web\CWebApplication.php(276): CController->run('deleteImg')
#11 C:\wamp\www\yii\framework\web\CWebApplication.php(135): CWebApplication->runController('Admin/advert/de...')
#12 C:\wamp\www\yii\framework\base\CApplication.php(162): CWebApplication->processRequest()
#13 C:\wamp\www\show\index.php(13): CApplication->run()
#14 {main}
REQUEST_URI=/show/index.php?r=Admin/advert/deleteImg&data=14&src=%2Fshow%2Fupload%2F1212%2F1212156-3.JPG
HTTP_REFERER=http://localhost/show/index.php?r=Admin/advert/edit
---
2012/12/18 02:58:56 [error] [exception.CException] exception 'CException' with message 'AdvertController cannot find the requested view "edit".' in C:\wamp\www\yii\framework\web\CController.php:879
Stack trace:
#0 C:\wamp\www\yii\framework\web\CController.php(783): CController->renderPartial('edit', Array, true)
#1 C:\wamp\www\show\protected\modules\Admin\controllers\AdvertController.php(230): CController->render('edit', Array)
#2 C:\wamp\www\yii\framework\web\actions\CInlineAction.php(50): AdvertController->actionEdit()
#3 C:\wamp\www\yii\framework\web\CController.php(309): CInlineAction->runWithParams(Array)
#4 C:\wamp\www\yii\framework\web\filters\CFilterChain.php(134): CController->runAction(Object(CInlineAction))
#5 C:\wamp\www\yii\framework\web\filters\CFilter.php(41): CFilterChain->run()
#6 C:\wamp\www\yii\framework\web\CController.php(1146): CFilter->filter(Object(CFilterChain))
#7 C:\wamp\www\yii\framework\web\filters\CInlineFilter.php(59): CController->filterAccessControl(Object(CFilterChain))
#8 C:\wamp\www\yii\framework\web\filters\CFilterChain.php(131): CInlineFilter->filter(Object(CFilterChain))
#9 C:\wamp\www\yii\framework\web\CController.php(292): CFilterChain->run()
#10 C:\wamp\www\yii\framework\web\CController.php(266): CController->runActionWithFilters(Object(CInlineAction), Array)
#11 C:\wamp\www\yii\framework\web\CWebApplication.php(276): CController->run('edit')
#12 C:\wamp\www\yii\framework\web\CWebApplication.php(135): CWebApplication->runController('Admin/advert/ed...')
#13 C:\wamp\www\yii\framework\base\CApplication.php(162): CWebApplication->processRequest()
#14 C:\wamp\www\show\index.php(13): CApplication->run()
#15 {main}
REQUEST_URI=/show/index.php?r=Admin/advert/edit
HTTP_REFERER=http://localhost/show/index.php?r=Admin
---
2012/12/18 02:59:06 [error] [exception.CException] exception 'CException' with message 'AdvertController cannot find the requested view "edit".' in C:\wamp\www\yii\framework\web\CController.php:879
Stack trace:
#0 C:\wamp\www\yii\framework\web\CController.php(783): CController->renderPartial('edit', Array, true)
#1 C:\wamp\www\show\protected\modules\Admin\controllers\AdvertController.php(230): CController->render('edit', Array)
#2 C:\wamp\www\yii\framework\web\actions\CInlineAction.php(50): AdvertController->actionEdit()
#3 C:\wamp\www\yii\framework\web\CController.php(309): CInlineAction->runWithParams(Array)
#4 C:\wamp\www\yii\framework\web\filters\CFilterChain.php(134): CController->runAction(Object(CInlineAction))
#5 C:\wamp\www\yii\framework\web\filters\CFilter.php(41): CFilterChain->run()
#6 C:\wamp\www\yii\framework\web\CController.php(1146): CFilter->filter(Object(CFilterChain))
#7 C:\wamp\www\yii\framework\web\filters\CInlineFilter.php(59): CController->filterAccessControl(Object(CFilterChain))
#8 C:\wamp\www\yii\framework\web\filters\CFilterChain.php(131): CInlineFilter->filter(Object(CFilterChain))
#9 C:\wamp\www\yii\framework\web\CController.php(292): CFilterChain->run()
#10 C:\wamp\www\yii\framework\web\CController.php(266): CController->runActionWithFilters(Object(CInlineAction), Array)
#11 C:\wamp\www\yii\framework\web\CWebApplication.php(276): CController->run('edit')
#12 C:\wamp\www\yii\framework\web\CWebApplication.php(135): CWebApplication->runController('Admin/advert/ed...')
#13 C:\wamp\www\yii\framework\base\CApplication.php(162): CWebApplication->processRequest()
#14 C:\wamp\www\show\index.php(13): CApplication->run()
#15 {main}
REQUEST_URI=/show/index.php?r=Admin/advert/edit
HTTP_REFERER=http://localhost/show/index.php?r=Admin
---
2012/12/18 03:58:45 [error] [php] Undefined index: thumb (C:\wamp\www\show\protected\modules\Admin\controllers\AdvertController.php:187)
Stack trace:
#0 C:\wamp\www\yii\framework\web\filters\CFilterChain.php(134): AdvertController->runAction()
#1 C:\wamp\www\yii\framework\web\filters\CFilter.php(41): CFilterChain->run()
#2 C:\wamp\www\yii\framework\web\CController.php(1146): CAccessControlFilter->filter()
#3 C:\wamp\www\yii\framework\web\filters\CInlineFilter.php(59): AdvertController->filterAccessControl()
#4 C:\wamp\www\yii\framework\web\filters\CFilterChain.php(131): CInlineFilter->filter()
#5 C:\wamp\www\yii\framework\web\CController.php(292): CFilterChain->run()
#6 C:\wamp\www\yii\framework\web\CController.php(266): AdvertController->runActionWithFilters()
#7 C:\wamp\www\yii\framework\web\CWebApplication.php(276): AdvertController->run()
#8 C:\wamp\www\yii\framework\web\CWebApplication.php(135): CWebApplication->runController()
#9 C:\wamp\www\yii\framework\base\CApplication.php(162): CWebApplication->processRequest()
#10 C:\wamp\www\show\index.php(13): CWebApplication->run()
REQUEST_URI=/show/index.php?r=Admin/advert/createImg
in C:\wamp\www\show\protected\modules\Admin\controllers\AdvertController.php (187)
in C:\wamp\www\show\index.php (13)
2012/12/18 03:58:46 [error] [php] Undefined index: thumb (C:\wamp\www\show\protected\modules\Admin\controllers\AdvertController.php:187)
Stack trace:
#0 C:\wamp\www\yii\framework\web\filters\CFilterChain.php(134): AdvertController->runAction()
#1 C:\wamp\www\yii\framework\web\filters\CFilter.php(41): CFilterChain->run()
#2 C:\wamp\www\yii\framework\web\CController.php(1146): CAccessControlFilter->filter()
#3 C:\wamp\www\yii\framework\web\filters\CInlineFilter.php(59): AdvertController->filterAccessControl()
#4 C:\wamp\www\yii\framework\web\filters\CFilterChain.php(131): CInlineFilter->filter()
#5 C:\wamp\www\yii\framework\web\CController.php(292): CFilterChain->run()
#6 C:\wamp\www\yii\framework\web\CController.php(266): AdvertController->runActionWithFilters()
#7 C:\wamp\www\yii\framework\web\CWebApplication.php(276): AdvertController->run()
#8 C:\wamp\www\yii\framework\web\CWebApplication.php(135): CWebApplication->runController()
#9 C:\wamp\www\yii\framework\base\CApplication.php(162): CWebApplication->processRequest()
#10 C:\wamp\www\show\index.php(13): CWebApplication->run()
REQUEST_URI=/show/index.php?r=Admin/advert/createImg
in C:\wamp\www\show\protected\modules\Admin\controllers\AdvertController.php (187)
in C:\wamp\www\show\index.php (13)
2012/12/18 03:58:47 [error] [php] Undefined index: thumb (C:\wamp\www\show\protected\modules\Admin\controllers\AdvertController.php:187)
Stack trace:
#0 C:\wamp\www\yii\framework\web\filters\CFilterChain.php(134): AdvertController->runAction()
#1 C:\wamp\www\yii\framework\web\filters\CFilter.php(41): CFilterChain->run()
#2 C:\wamp\www\yii\framework\web\CController.php(1146): CAccessControlFilter->filter()
#3 C:\wamp\www\yii\framework\web\filters\CInlineFilter.php(59): AdvertController->filterAccessControl()
#4 C:\wamp\www\yii\framework\web\filters\CFilterChain.php(131): CInlineFilter->filter()
#5 C:\wamp\www\yii\framework\web\CController.php(292): CFilterChain->run()
#6 C:\wamp\www\yii\framework\web\CController.php(266): AdvertController->runActionWithFilters()
#7 C:\wamp\www\yii\framework\web\CWebApplication.php(276): AdvertController->run()
#8 C:\wamp\www\yii\framework\web\CWebApplication.php(135): CWebApplication->runController()
#9 C:\wamp\www\yii\framework\base\CApplication.php(162): CWebApplication->processRequest()
#10 C:\wamp\www\show\index.php(13): CWebApplication->run()
REQUEST_URI=/show/index.php?r=Admin/advert/createImg
in C:\wamp\www\show\protected\modules\Admin\controllers\AdvertController.php (187)
in C:\wamp\www\show\index.php (13)
2012/12/18 04:01:08 [error] [php] Undefined index: thumb (C:\wamp\www\show\protected\modules\Admin\controllers\AdvertController.php:187)
Stack trace:
#0 C:\wamp\www\yii\framework\web\filters\CFilterChain.php(134): AdvertController->runAction()
#1 C:\wamp\www\yii\framework\web\filters\CFilter.php(41): CFilterChain->run()
#2 C:\wamp\www\yii\framework\web\CController.php(1146): CAccessControlFilter->filter()
#3 C:\wamp\www\yii\framework\web\filters\CInlineFilter.php(59): AdvertController->filterAccessControl()
#4 C:\wamp\www\yii\framework\web\filters\CFilterChain.php(131): CInlineFilter->filter()
#5 C:\wamp\www\yii\framework\web\CController.php(292): CFilterChain->run()
#6 C:\wamp\www\yii\framework\web\CController.php(266): AdvertController->runActionWithFilters()
#7 C:\wamp\www\yii\framework\web\CWebApplication.php(276): AdvertController->run()
#8 C:\wamp\www\yii\framework\web\CWebApplication.php(135): CWebApplication->runController()
#9 C:\wamp\www\yii\framework\base\CApplication.php(162): CWebApplication->processRequest()
#10 C:\wamp\www\show\index.php(13): CWebApplication->run()
REQUEST_URI=/show/index.php?r=Admin/advert/createImg
in C:\wamp\www\show\protected\modules\Admin\controllers\AdvertController.php (187)
in C:\wamp\www\show\index.php (13)
2012/12/18 04:01:40 [error] [php] Undefined index: thumb (C:\wamp\www\show\protected\modules\Admin\controllers\AdvertController.php:187)
Stack trace:
#0 C:\wamp\www\yii\framework\web\filters\CFilterChain.php(134): AdvertController->runAction()
#1 C:\wamp\www\yii\framework\web\filters\CFilter.php(41): CFilterChain->run()
#2 C:\wamp\www\yii\framework\web\CController.php(1146): CAccessControlFilter->filter()
#3 C:\wamp\www\yii\framework\web\filters\CInlineFilter.php(59): AdvertController->filterAccessControl()
#4 C:\wamp\www\yii\framework\web\filters\CFilterChain.php(131): CInlineFilter->filter()
#5 C:\wamp\www\yii\framework\web\CController.php(292): CFilterChain->run()
#6 C:\wamp\www\yii\framework\web\CController.php(266): AdvertController->runActionWithFilters()
#7 C:\wamp\www\yii\framework\web\CWebApplication.php(276): AdvertController->run()
#8 C:\wamp\www\yii\framework\web\CWebApplication.php(135): CWebApplication->runController()
#9 C:\wamp\www\yii\framework\base\CApplication.php(162): CWebApplication->processRequest()
#10 C:\wamp\www\show\index.php(13): CWebApplication->run()
REQUEST_URI=/show/index.php?r=Admin/advert/createImg
in C:\wamp\www\show\protected\modules\Admin\controllers\AdvertController.php (187)
in C:\wamp\www\show\index.php (13)
2012/12/18 04:01:41 [error] [php] Undefined index: thumb (C:\wamp\www\show\protected\modules\Admin\controllers\AdvertController.php:187)
Stack trace:
#0 C:\wamp\www\yii\framework\web\filters\CFilterChain.php(134): AdvertController->runAction()
#1 C:\wamp\www\yii\framework\web\filters\CFilter.php(41): CFilterChain->run()
#2 C:\wamp\www\yii\framework\web\CController.php(1146): CAccessControlFilter->filter()
#3 C:\wamp\www\yii\framework\web\filters\CInlineFilter.php(59): AdvertController->filterAccessControl()
#4 C:\wamp\www\yii\framework\web\filters\CFilterChain.php(131): CInlineFilter->filter()
#5 C:\wamp\www\yii\framework\web\CController.php(292): CFilterChain->run()
#6 C:\wamp\www\yii\framework\web\CController.php(266): AdvertController->runActionWithFilters()
#7 C:\wamp\www\yii\framework\web\CWebApplication.php(276): AdvertController->run()
#8 C:\wamp\www\yii\framework\web\CWebApplication.php(135): CWebApplication->runController()
#9 C:\wamp\www\yii\framework\base\CApplication.php(162): CWebApplication->processRequest()
#10 C:\wamp\www\show\index.php(13): CWebApplication->run()
REQUEST_URI=/show/index.php?r=Admin/advert/createImg
in C:\wamp\www\show\protected\modules\Admin\controllers\AdvertController.php (187)
in C:\wamp\www\show\index.php (13)
2012/12/18 04:01:41 [error] [php] Undefined index: thumb (C:\wamp\www\show\protected\modules\Admin\controllers\AdvertController.php:187)
Stack trace:
#0 C:\wamp\www\yii\framework\web\filters\CFilterChain.php(134): AdvertController->runAction()
#1 C:\wamp\www\yii\framework\web\filters\CFilter.php(41): CFilterChain->run()
#2 C:\wamp\www\yii\framework\web\CController.php(1146): CAccessControlFilter->filter()
#3 C:\wamp\www\yii\framework\web\filters\CInlineFilter.php(59): AdvertController->filterAccessControl()
#4 C:\wamp\www\yii\framework\web\filters\CFilterChain.php(131): CInlineFilter->filter()
#5 C:\wamp\www\yii\framework\web\CController.php(292): CFilterChain->run()
#6 C:\wamp\www\yii\framework\web\CController.php(266): AdvertController->runActionWithFilters()
#7 C:\wamp\www\yii\framework\web\CWebApplication.php(276): AdvertController->run()
#8 C:\wamp\www\yii\framework\web\CWebApplication.php(135): CWebApplication->runController()
#9 C:\wamp\www\yii\framework\base\CApplication.php(162): CWebApplication->processRequest()
#10 C:\wamp\www\show\index.php(13): CWebApplication->run()
REQUEST_URI=/show/index.php?r=Admin/advert/createImg
in C:\wamp\www\show\protected\modules\Admin\controllers\AdvertController.php (187)
in C:\wamp\www\show\index.php (13)
2012/12/18 04:02:41 [error] [php] Undefined index: thumb (C:\wamp\www\show\protected\modules\Admin\controllers\AdvertController.php:187)
Stack trace:
#0 C:\wamp\www\yii\framework\web\filters\CFilterChain.php(134): AdvertController->runAction()
#1 C:\wamp\www\yii\framework\web\filters\CFilter.php(41): CFilterChain->run()
#2 C:\wamp\www\yii\framework\web\CController.php(1146): CAccessControlFilter->filter()
#3 C:\wamp\www\yii\framework\web\filters\CInlineFilter.php(59): AdvertController->filterAccessControl()
#4 C:\wamp\www\yii\framework\web\filters\CFilterChain.php(131): CInlineFilter->filter()
#5 C:\wamp\www\yii\framework\web\CController.php(292): CFilterChain->run()
#6 C:\wamp\www\yii\framework\web\CController.php(266): AdvertController->runActionWithFilters()
#7 C:\wamp\www\yii\framework\web\CWebApplication.php(276): AdvertController->run()
#8 C:\wamp\www\yii\framework\web\CWebApplication.php(135): CWebApplication->runController()
#9 C:\wamp\www\yii\framework\base\CApplication.php(162): CWebApplication->processRequest()
#10 C:\wamp\www\show\index.php(13): CWebApplication->run()
REQUEST_URI=/show/index.php?r=Admin/advert/createImg
in C:\wamp\www\show\protected\modules\Admin\controllers\AdvertController.php (187)
in C:\wamp\www\show\index.php (13)
2012/12/18 08:08:26 [error] [system.db.CDbCommand] CDbCommand::execute() failed: SQLSTATE[HY093]: Invalid parameter number: number of bound variables does not match number of tokens. The SQL statement executed was: insert into bl_news_data(nid,thumb,content)values(:nid,:thumb,:content).
in C:\wamp\www\show\protected\modules\Admin\controllers\NewsController.php (105)
in C:\wamp\www\show\index.php (13)
2012/12/18 08:08:26 [error] [exception.CDbException] exception 'CDbException' with message 'CDbCommand failed to execute the SQL statement: SQLSTATE[HY093]: Invalid parameter number: number of bound variables does not match number of tokens. The SQL statement executed was: insert into bl_news_data(nid,thumb,content)values(:nid,:thumb,:content)' in C:\wamp\www\yii\framework\db\CDbCommand.php:354
Stack trace:
#0 C:\wamp\www\show\protected\modules\Admin\controllers\NewsController.php(105): CDbCommand->execute()
#1 C:\wamp\www\yii\framework\web\actions\CInlineAction.php(50): NewsController->actionCreate()
#2 C:\wamp\www\yii\framework\web\CController.php(309): CInlineAction->runWithParams(Array)
#3 C:\wamp\www\yii\framework\web\filters\CFilterChain.php(134): CController->runAction(Object(CInlineAction))
#4 C:\wamp\www\yii\framework\web\filters\CFilter.php(41): CFilterChain->run()
#5 C:\wamp\www\yii\framework\web\CController.php(1146): CFilter->filter(Object(CFilterChain))
#6 C:\wamp\www\yii\framework\web\filters\CInlineFilter.php(59): CController->filterAccessControl(Object(CFilterChain))
#7 C:\wamp\www\yii\framework\web\filters\CFilterChain.php(131): CInlineFilter->filter(Object(CFilterChain))
#8 C:\wamp\www\yii\framework\web\CController.php(292): CFilterChain->run()
#9 C:\wamp\www\yii\framework\web\CController.php(266): CController->runActionWithFilters(Object(CInlineAction), Array)
#10 C:\wamp\www\yii\framework\web\CWebApplication.php(276): CController->run('create')
#11 C:\wamp\www\yii\framework\web\CWebApplication.php(135): CWebApplication->runController('Admin/news/crea...')
#12 C:\wamp\www\yii\framework\base\CApplication.php(162): CWebApplication->processRequest()
#13 C:\wamp\www\show\index.php(13): CApplication->run()
#14 {main}
REQUEST_URI=/show/index.php?r=Admin/news/create&cid=2
HTTP_REFERER=http://localhost/show/index.php?r=Admin/news/create&cid=2
---
2012/12/18 08:09:51 [error] [system.db.CDbCommand] CDbCommand::execute() failed: SQLSTATE[23000]: Integrity constraint violation: 1062 Duplicate entry 'dasdasd' for key 'title_UNIQUE'. The SQL statement executed was: INSERT INTO `bl_news` (`click`, `home_cate`, `home_top`, `children_top`, `title`, `source`, `decription`, `tag`, `type_id`, `recomendation`, `bl_user_id`, `cid`) VALUES (:yp0, :yp1, :yp2, :yp3, :yp4, :yp5, :yp6, :yp7, :yp8, :yp9, :yp10, :yp11).
in C:\wamp\www\show\protected\modules\Admin\controllers\NewsController.php (88)
in C:\wamp\www\show\index.php (13)
2012/12/18 08:09:51 [error] [exception.CDbException] exception 'CDbException' with message 'CDbCommand failed to execute the SQL statement: SQLSTATE[23000]: Integrity constraint violation: 1062 Duplicate entry 'dasdasd' for key 'title_UNIQUE'. The SQL statement executed was: INSERT INTO `bl_news` (`click`, `home_cate`, `home_top`, `children_top`, `title`, `source`, `decription`, `tag`, `type_id`, `recomendation`, `bl_user_id`, `cid`) VALUES (:yp0, :yp1, :yp2, :yp3, :yp4, :yp5, :yp6, :yp7, :yp8, :yp9, :yp10, :yp11)' in C:\wamp\www\yii\framework\db\CDbCommand.php:354
Stack trace:
#0 C:\wamp\www\yii\framework\db\ar\CActiveRecord.php(1014): CDbCommand->execute()
#1 C:\wamp\www\yii\framework\db\ar\CActiveRecord.php(787): CActiveRecord->insert(NULL)
#2 C:\wamp\www\show\protected\modules\Admin\controllers\NewsController.php(88): CActiveRecord->save()
#3 C:\wamp\www\yii\framework\web\actions\CInlineAction.php(50): NewsController->actionCreate()
#4 C:\wamp\www\yii\framework\web\CController.php(309): CInlineAction->runWithParams(Array)
#5 C:\wamp\www\yii\framework\web\filters\CFilterChain.php(134): CController->runAction(Object(CInlineAction))
#6 C:\wamp\www\yii\framework\web\filters\CFilter.php(41): CFilterChain->run()
#7 C:\wamp\www\yii\framework\web\CController.php(1146): CFilter->filter(Object(CFilterChain))
#8 C:\wamp\www\yii\framework\web\filters\CInlineFilter.php(59): CController->filterAccessControl(Object(CFilterChain))
#9 C:\wamp\www\yii\framework\web\filters\CFilterChain.php(131): CInlineFilter->filter(Object(CFilterChain))
#10 C:\wamp\www\yii\framework\web\CController.php(292): CFilterChain->run()
#11 C:\wamp\www\yii\framework\web\CController.php(266): CController->runActionWithFilters(Object(CInlineAction), Array)
#12 C:\wamp\www\yii\framework\web\CWebApplication.php(276): CController->run('create')
#13 C:\wamp\www\yii\framework\web\CWebApplication.php(135): CWebApplication->runController('Admin/news/crea...')
#14 C:\wamp\www\yii\framework\base\CApplication.php(162): CWebApplication->processRequest()
#15 C:\wamp\www\show\index.php(13): CApplication->run()
#16 {main}
REQUEST_URI=/show/index.php?r=Admin/news/create&cid=2
HTTP_REFERER=http://localhost/show/index.php?r=Admin/news/create&cid=2
---
2012/12/18 08:10:58 [error] [system.db.CDbCommand] CDbCommand::execute() failed: SQLSTATE[HY093]: Invalid parameter number: number of bound variables does not match number of tokens. The SQL statement executed was: insert into bl_news_data(nid,thumb,content)values(:nid,:thumb,:content).
in C:\wamp\www\show\protected\modules\Admin\controllers\NewsController.php (108)
in C:\wamp\www\show\index.php (13)
2012/12/18 08:10:58 [error] [exception.CDbException] exception 'CDbException' with message 'CDbCommand failed to execute the SQL statement: SQLSTATE[HY093]: Invalid parameter number: number of bound variables does not match number of tokens. The SQL statement executed was: insert into bl_news_data(nid,thumb,content)values(:nid,:thumb,:content)' in C:\wamp\www\yii\framework\db\CDbCommand.php:354
Stack trace:
#0 C:\wamp\www\show\protected\modules\Admin\controllers\NewsController.php(108): CDbCommand->execute()
#1 C:\wamp\www\yii\framework\web\actions\CInlineAction.php(50): NewsController->actionCreate()
#2 C:\wamp\www\yii\framework\web\CController.php(309): CInlineAction->runWithParams(Array)
#3 C:\wamp\www\yii\framework\web\filters\CFilterChain.php(134): CController->runAction(Object(CInlineAction))
#4 C:\wamp\www\yii\framework\web\filters\CFilter.php(41): CFilterChain->run()
#5 C:\wamp\www\yii\framework\web\CController.php(1146): CFilter->filter(Object(CFilterChain))
#6 C:\wamp\www\yii\framework\web\filters\CInlineFilter.php(59): CController->filterAccessControl(Object(CFilterChain))
#7 C:\wamp\www\yii\framework\web\filters\CFilterChain.php(131): CInlineFilter->filter(Object(CFilterChain))
#8 C:\wamp\www\yii\framework\web\CController.php(292): CFilterChain->run()
#9 C:\wamp\www\yii\framework\web\CController.php(266): CController->runActionWithFilters(Object(CInlineAction), Array)
#10 C:\wamp\www\yii\framework\web\CWebApplication.php(276): CController->run('create')
#11 C:\wamp\www\yii\framework\web\CWebApplication.php(135): CWebApplication->runController('Admin/news/crea...')
#12 C:\wamp\www\yii\framework\base\CApplication.php(162): CWebApplication->processRequest()
#13 C:\wamp\www\show\index.php(13): CApplication->run()
#14 {main}
REQUEST_URI=/show/index.php?r=Admin/news/create&cid=2
HTTP_REFERER=http://localhost/show/index.php?r=Admin/news/create&cid=2
---
2012/12/18 08:11:22 [error] [system.db.CDbCommand] CDbCommand::execute() failed: SQLSTATE[23000]: Integrity constraint violation: 1062 Duplicate entry 'dasd' for key 'title_UNIQUE'. The SQL statement executed was: INSERT INTO `bl_news` (`click`, `home_cate`, `home_top`, `children_top`, `title`, `source`, `decription`, `tag`, `type_id`, `recomendation`, `bl_user_id`, `cid`) VALUES (:yp0, :yp1, :yp2, :yp3, :yp4, :yp5, :yp6, :yp7, :yp8, :yp9, :yp10, :yp11).
in C:\wamp\www\show\protected\modules\Admin\controllers\NewsController.php (88)
in C:\wamp\www\show\index.php (13)
2012/12/18 08:11:22 [error] [exception.CDbException] exception 'CDbException' with message 'CDbCommand failed to execute the SQL statement: SQLSTATE[23000]: Integrity constraint violation: 1062 Duplicate entry 'dasd' for key 'title_UNIQUE'. The SQL statement executed was: INSERT INTO `bl_news` (`click`, `home_cate`, `home_top`, `children_top`, `title`, `source`, `decription`, `tag`, `type_id`, `recomendation`, `bl_user_id`, `cid`) VALUES (:yp0, :yp1, :yp2, :yp3, :yp4, :yp5, :yp6, :yp7, :yp8, :yp9, :yp10, :yp11)' in C:\wamp\www\yii\framework\db\CDbCommand.php:354
Stack trace:
#0 C:\wamp\www\yii\framework\db\ar\CActiveRecord.php(1014): CDbCommand->execute()
#1 C:\wamp\www\yii\framework\db\ar\CActiveRecord.php(787): CActiveRecord->insert(NULL)
#2 C:\wamp\www\show\protected\modules\Admin\controllers\NewsController.php(88): CActiveRecord->save()
#3 C:\wamp\www\yii\framework\web\actions\CInlineAction.php(50): NewsController->actionCreate()
#4 C:\wamp\www\yii\framework\web\CController.php(309): CInlineAction->runWithParams(Array)
#5 C:\wamp\www\yii\framework\web\filters\CFilterChain.php(134): CController->runAction(Object(CInlineAction))
#6 C:\wamp\www\yii\framework\web\filters\CFilter.php(41): CFilterChain->run()
#7 C:\wamp\www\yii\framework\web\CController.php(1146): CFilter->filter(Object(CFilterChain))
#8 C:\wamp\www\yii\framework\web\filters\CInlineFilter.php(59): CController->filterAccessControl(Object(CFilterChain))
#9 C:\wamp\www\yii\framework\web\filters\CFilterChain.php(131): CInlineFilter->filter(Object(CFilterChain))
#10 C:\wamp\www\yii\framework\web\CController.php(292): CFilterChain->run()
#11 C:\wamp\www\yii\framework\web\CController.php(266): CController->runActionWithFilters(Object(CInlineAction), Array)
#12 C:\wamp\www\yii\framework\web\CWebApplication.php(276): CController->run('create')
#13 C:\wamp\www\yii\framework\web\CWebApplication.php(135): CWebApplication->runController('Admin/news/crea...')
#14 C:\wamp\www\yii\framework\base\CApplication.php(162): CWebApplication->processRequest()
#15 C:\wamp\www\show\index.php(13): CApplication->run()
#16 {main}
REQUEST_URI=/show/index.php?r=Admin/news/create&cid=2
HTTP_REFERER=http://localhost/show/index.php?r=Admin/news/create&cid=2
---
2012/12/18 08:36:22 [error] [php] Undefined index: data (C:\wamp\www\show\protected\modules\Admin\controllers\AdvertController.php:282)
Stack trace:
#0 C:\wamp\www\yii\framework\web\filters\CFilterChain.php(134): AdvertController->runAction()
#1 C:\wamp\www\yii\framework\web\filters\CFilter.php(41): CFilterChain->run()
#2 C:\wamp\www\yii\framework\web\CController.php(1146): CAccessControlFilter->filter()
#3 C:\wamp\www\yii\framework\web\filters\CInlineFilter.php(59): AdvertController->filterAccessControl()
#4 C:\wamp\www\yii\framework\web\filters\CFilterChain.php(131): CInlineFilter->filter()
#5 C:\wamp\www\yii\framework\web\CController.php(292): CFilterChain->run()
#6 C:\wamp\www\yii\framework\web\CController.php(266): AdvertController->runActionWithFilters()
#7 C:\wamp\www\yii\framework\web\CWebApplication.php(276): AdvertController->run()
#8 C:\wamp\www\yii\framework\web\CWebApplication.php(135): CWebApplication->runController()
#9 C:\wamp\www\yii\framework\base\CApplication.php(162): CWebApplication->processRequest()
#10 C:\wamp\www\show\index.php(13): CWebApplication->run()
REQUEST_URI=/show/index.php?r=Admin/advert/deleteImg&src=%2Fshow%2Fupload%2F1212%2F1212186-3.JPG
in C:\wamp\www\show\protected\modules\Admin\controllers\AdvertController.php (282)
in C:\wamp\www\show\index.php (13)
2012/12/18 08:36:36 [error] [php] Undefined index: data (C:\wamp\www\show\protected\modules\Admin\controllers\AdvertController.php:282)
Stack trace:
#0 C:\wamp\www\yii\framework\web\filters\CFilterChain.php(134): AdvertController->runAction()
#1 C:\wamp\www\yii\framework\web\filters\CFilter.php(41): CFilterChain->run()
#2 C:\wamp\www\yii\framework\web\CController.php(1146): CAccessControlFilter->filter()
#3 C:\wamp\www\yii\framework\web\filters\CInlineFilter.php(59): AdvertController->filterAccessControl()
#4 C:\wamp\www\yii\framework\web\filters\CFilterChain.php(131): CInlineFilter->filter()
#5 C:\wamp\www\yii\framework\web\CController.php(292): CFilterChain->run()
#6 C:\wamp\www\yii\framework\web\CController.php(266): AdvertController->runActionWithFilters()
#7 C:\wamp\www\yii\framework\web\CWebApplication.php(276): AdvertController->run()
#8 C:\wamp\www\yii\framework\web\CWebApplication.php(135): CWebApplication->runController()
#9 C:\wamp\www\yii\framework\base\CApplication.php(162): CWebApplication->processRequest()
#10 C:\wamp\www\show\index.php(13): CWebApplication->run()
REQUEST_URI=/show/index.php?r=Admin/advert/deleteImg&src=%2Fshow%2Fupload%2F1212%2F1212186-3.JPG
in C:\wamp\www\show\protected\modules\Admin\controllers\AdvertController.php (282)
in C:\wamp\www\show\index.php (13)
2012/12/18 08:37:10 [error] [php] Undefined index: data (C:\wamp\www\show\protected\modules\Admin\controllers\AdvertController.php:282)
Stack trace:
#0 C:\wamp\www\yii\framework\web\filters\CFilterChain.php(134): AdvertController->runAction()
#1 C:\wamp\www\yii\framework\web\filters\CFilter.php(41): CFilterChain->run()
#2 C:\wamp\www\yii\framework\web\CController.php(1146): CAccessControlFilter->filter()
#3 C:\wamp\www\yii\framework\web\filters\CInlineFilter.php(59): AdvertController->filterAccessControl()
#4 C:\wamp\www\yii\framework\web\filters\CFilterChain.php(131): CInlineFilter->filter()
#5 C:\wamp\www\yii\framework\web\CController.php(292): CFilterChain->run()
#6 C:\wamp\www\yii\framework\web\CController.php(266): AdvertController->runActionWithFilters()
#7 C:\wamp\www\yii\framework\web\CWebApplication.php(276): AdvertController->run()
#8 C:\wamp\www\yii\framework\web\CWebApplication.php(135): CWebApplication->runController()
#9 C:\wamp\www\yii\framework\base\CApplication.php(162): CWebApplication->processRequest()
#10 C:\wamp\www\show\index.php(13): CWebApplication->run()
REQUEST_URI=/show/index.php?r=Admin/advert/deleteImg&src=%2Fshow%2Fupload%2F1212%2F1212186-3.JPG
in C:\wamp\www\show\protected\modules\Admin\controllers\AdvertController.php (282)
in C:\wamp\www\show\index.php (13)
2012/12/18 08:37:40 [error] [php] Undefined index: data (C:\wamp\www\show\protected\modules\Admin\controllers\AdvertController.php:282)
Stack trace:
#0 C:\wamp\www\yii\framework\web\filters\CFilterChain.php(134): AdvertController->runAction()
#1 C:\wamp\www\yii\framework\web\filters\CFilter.php(41): CFilterChain->run()
#2 C:\wamp\www\yii\framework\web\CController.php(1146): CAccessControlFilter->filter()
#3 C:\wamp\www\yii\framework\web\filters\CInlineFilter.php(59): AdvertController->filterAccessControl()
#4 C:\wamp\www\yii\framework\web\filters\CFilterChain.php(131): CInlineFilter->filter()
#5 C:\wamp\www\yii\framework\web\CController.php(292): CFilterChain->run()
#6 C:\wamp\www\yii\framework\web\CController.php(266): AdvertController->runActionWithFilters()
#7 C:\wamp\www\yii\framework\web\CWebApplication.php(276): AdvertController->run()
#8 C:\wamp\www\yii\framework\web\CWebApplication.php(135): CWebApplication->runController()
#9 C:\wamp\www\yii\framework\base\CApplication.php(162): CWebApplication->processRequest()
#10 C:\wamp\www\show\index.php(13): CWebApplication->run()
REQUEST_URI=/show/index.php?r=Admin/advert/deleteImg&src=%2Fshow%2Fupload%2F1212%2F1212186-3.JPG
in C:\wamp\www\show\protected\modules\Admin\controllers\AdvertController.php (282)
in C:\wamp\www\show\index.php (13)
2012/12/18 08:47:47 [error] [exception.CHttpException.404] exception 'CHttpException' with message 'The system is unable to find the requested action "updateImg".' in C:\wamp\www\yii\framework\web\CController.php:484
Stack trace:
#0 C:\wamp\www\yii\framework\web\CController.php(271): CController->missingAction('updateImg')
#1 C:\wamp\www\yii\framework\web\CWebApplication.php(276): CController->run('updateImg')
#2 C:\wamp\www\yii\framework\web\CWebApplication.php(135): CWebApplication->runController('Admin/advert/up...')
#3 C:\wamp\www\yii\framework\base\CApplication.php(162): CWebApplication->processRequest()
#4 C:\wamp\www\show\index.php(13): CApplication->run()
#5 {main}
REQUEST_URI=/show/index.php?r=Admin/advert/updateImg
HTTP_REFERER=http://localhost/show/index.php?r=Admin/advert/edit&aid=1
---
2012/12/18 08:47:48 [error] [exception.CHttpException.404] exception 'CHttpException' with message 'The system is unable to find the requested action "updateImg".' in C:\wamp\www\yii\framework\web\CController.php:484
Stack trace:
#0 C:\wamp\www\yii\framework\web\CController.php(271): CController->missingAction('updateImg')
#1 C:\wamp\www\yii\framework\web\CWebApplication.php(276): CController->run('updateImg')
#2 C:\wamp\www\yii\framework\web\CWebApplication.php(135): CWebApplication->runController('Admin/advert/up...')
#3 C:\wamp\www\yii\framework\base\CApplication.php(162): CWebApplication->processRequest()
#4 C:\wamp\www\show\index.php(13): CApplication->run()
#5 {main}
REQUEST_URI=/show/index.php?r=Admin/advert/updateImg
HTTP_REFERER=http://localhost/show/index.php?r=Admin/advert/edit&aid=1
---
2012/12/18 08:48:30 [error] [exception.CHttpException.404] exception 'CHttpException' with message 'The system is unable to find the requested action "updateImg".' in C:\wamp\www\yii\framework\web\CController.php:484
Stack trace:
#0 C:\wamp\www\yii\framework\web\CController.php(271): CController->missingAction('updateImg')
#1 C:\wamp\www\yii\framework\web\CWebApplication.php(276): CController->run('updateImg')
#2 C:\wamp\www\yii\framework\web\CWebApplication.php(135): CWebApplication->runController('Admin/advert/up...')
#3 C:\wamp\www\yii\framework\base\CApplication.php(162): CWebApplication->processRequest()
#4 C:\wamp\www\show\index.php(13): CApplication->run()
#5 {main}
REQUEST_URI=/show/index.php?r=Admin/advert/updateImg
HTTP_REFERER=http://localhost/show/index.php?r=Admin/advert/edit&aid=1
---
2012/12/18 08:48:42 [error] [exception.CHttpException.404] exception 'CHttpException' with message 'The system is unable to find the requested action "updateImg".' in C:\wamp\www\yii\framework\web\CController.php:484
Stack trace:
#0 C:\wamp\www\yii\framework\web\CController.php(271): CController->missingAction('updateImg')
#1 C:\wamp\www\yii\framework\web\CWebApplication.php(276): CController->run('updateImg')
#2 C:\wamp\www\yii\framework\web\CWebApplication.php(135): CWebApplication->runController('Admin/advert/up...')
#3 C:\wamp\www\yii\framework\base\CApplication.php(162): CWebApplication->processRequest()
#4 C:\wamp\www\show\index.php(13): CApplication->run()
#5 {main}
REQUEST_URI=/show/index.php?r=Admin/advert/updateImg
HTTP_REFERER=http://localhost/show/index.php?r=Admin/advert/edit&aid=1
---
2012/12/18 08:49:26 [error] [exception.CHttpException.404] exception 'CHttpException' with message 'The system is unable to find the requested action "updateImg".' in C:\wamp\www\yii\framework\web\CController.php:484
Stack trace:
#0 C:\wamp\www\yii\framework\web\CController.php(271): CController->missingAction('updateImg')
#1 C:\wamp\www\yii\framework\web\CWebApplication.php(276): CController->run('updateImg')
#2 C:\wamp\www\yii\framework\web\CWebApplication.php(135): CWebApplication->runController('Admin/advert/up...')
#3 C:\wamp\www\yii\framework\base\CApplication.php(162): CWebApplication->processRequest()
#4 C:\wamp\www\show\index.php(13): CApplication->run()
#5 {main}
REQUEST_URI=/show/index.php?r=Admin/advert/updateImg
HTTP_REFERER=http://localhost/show/index.php?r=Admin/advert/edit&aid=1
---
2012/12/12 14:28:49 [error] [exception.CException] exception 'CException' with message 'CAssetManager.basePath "C:\wamp\www\show\assets" is invalid. Please make sure the directory exists and is writable by the Web server process.' in C:\wamp\www\yii\framework\web\CAssetManager.php:116
Stack trace:
#0 C:\wamp\www\yii\framework\web\CAssetManager.php(101): CAssetManager->setBasePath('C:\wamp\www\sho...')
#1 C:\wamp\www\yii\framework\web\CAssetManager.php(219): CAssetManager->getBasePath()
#2 C:\wamp\www\yii\framework\web\CClientScript.php(449): CAssetManager->publish('C:\wamp\www\yii...')
#3 C:\wamp\www\yii\framework\web\widgets\CTreeView.php(149): CClientScript->getCoreScriptUrl()
#4 C:\wamp\www\yii\framework\web\CBaseController.php(148): CTreeView->init()
#5 C:\wamp\www\yii\framework\web\CBaseController.php(190): CBaseController->createWidget('CTreeView', Array)
#6 C:\wamp\www\show\protected\modules\Admin\views\default\index.php(94): CBaseController->beginWidget('CTreeView', Array)
#7 C:\wamp\www\yii\framework\web\CBaseController.php(127): require('C:\wamp\www\sho...')
#8 C:\wamp\www\yii\framework\web\CBaseController.php(96): CBaseController->renderInternal('C:\wamp\www\sho...', NULL, true)
#9 C:\wamp\www\yii\framework\web\CController.php(870): CBaseController->renderFile('C:\wamp\www\sho...', NULL, true)
#10 C:\wamp\www\yii\framework\web\CController.php(783): CController->renderPartial('index', NULL, true)
#11 C:\wamp\www\show\protected\modules\Admin\controllers\DefaultController.php(10): CController->render('index')
#12 C:\wamp\www\yii\framework\web\actions\CInlineAction.php(50): DefaultController->actionIndex()
#13 C:\wamp\www\yii\framework\web\CController.php(309): CInlineAction->runWithParams(Array)
#14 C:\wamp\www\yii\framework\web\CController.php(287): CController->runAction(Object(CInlineAction))
#15 C:\wamp\www\yii\framework\web\CController.php(266): CController->runActionWithFilters(Object(CInlineAction), Array)
#16 C:\wamp\www\yii\framework\web\CWebApplication.php(276): CController->run('')
#17 C:\wamp\www\yii\framework\web\CWebApplication.php(135): CWebApplication->runController('Admin/')
#18 C:\wamp\www\yii\framework\base\CApplication.php(162): CWebApplication->processRequest()
#19 C:\wamp\www\show\index.php(13): CApplication->run()
#20 {main}
REQUEST_URI=/show/index.php?r=Admin/
---
2012/12/13 11:37:04 [error] [exception.CHttpException.404] exception 'CHttpException' with message 'Unable to resolve the request "Admin/advert/create".' in C:\wamp\www\yii\framework\web\CWebApplication.php:280
Stack trace:
#0 C:\wamp\www\yii\framework\web\CWebApplication.php(135): CWebApplication->runController('Admin/advert/cr...')
#1 C:\wamp\www\yii\framework\base\CApplication.php(162): CWebApplication->processRequest()
#2 C:\wamp\www\show\index.php(13): CApplication->run()
#3 {main}
REQUEST_URI=/show/index.php?r=Admin/advert/create
HTTP_REFERER=http://localhost/show/index.php?r=Admin/advert/admin
---
2012/12/13 11:37:07 [error] [exception.CHttpException.404] exception 'CHttpException' with message 'Unable to resolve the request "Admin/advert/admin".' in C:\wamp\www\yii\framework\web\CWebApplication.php:280
Stack trace:
#0 C:\wamp\www\yii\framework\web\CWebApplication.php(135): CWebApplication->runController('Admin/advert/ad...')
#1 C:\wamp\www\yii\framework\base\CApplication.php(162): CWebApplication->processRequest()
#2 C:\wamp\www\show\index.php(13): CApplication->run()
#3 {main}
REQUEST_URI=/show/index.php?r=Admin/advert/admin
HTTP_REFERER=http://localhost/show/index.php?r=Admin/
---
2012/12/13 11:37:08 [error] [exception.CHttpException.404] exception 'CHttpException' with message 'Unable to resolve the request "Admin/advert/admin".' in C:\wamp\www\yii\framework\web\CWebApplication.php:280
Stack trace:
#0 C:\wamp\www\yii\framework\web\CWebApplication.php(135): CWebApplication->runController('Admin/advert/ad...')
#1 C:\wamp\www\yii\framework\base\CApplication.php(162): CWebApplication->processRequest()
#2 C:\wamp\www\show\index.php(13): CApplication->run()
#3 {main}
REQUEST_URI=/show/index.php?r=Admin/advert/admin
HTTP_REFERER=http://localhost/show/index.php?r=Admin/
---
2012/12/13 11:48:54 [error] [exception.CHttpException.404] exception 'CHttpException' with message 'Unable to resolve the request "index".' in C:\wamp\www\yii\framework\web\CWebApplication.php:280
Stack trace:
#0 C:\wamp\www\yii\framework\web\CWebApplication.php(135): CWebApplication->runController('')
#1 C:\wamp\www\yii\framework\base\CApplication.php(162): CWebApplication->processRequest()
#2 C:\wamp\www\show\index.php(13): CApplication->run()
#3 {main}
REQUEST_URI=/show/index.php
---
2012/12/13 15:37:51 [error] [exception.CException] exception 'CException' with message 'CHttpRequest and its behaviors do not have a method or closure named "baseUrl".' in C:\wamp\www\yii\framework\base\CComponent.php:266
Stack trace:
#0 C:\wamp\www\show\protected\views\layouts\main_web.php(8): CComponent->__call('baseUrl', Array)
#1 C:\wamp\www\show\protected\views\layouts\main_web.php(8): CHttpRequest->baseUrl()
#2 C:\wamp\www\yii\framework\web\CBaseController.php(127): require('C:\wamp\www\sho...')
#3 C:\wamp\www\yii\framework\web\CBaseController.php(96): CBaseController->renderInternal('C:\wamp\www\sho...', Array, true)
#4 C:\wamp\www\yii\framework\web\widgets\CContentDecorator.php(77): CBaseController->renderFile('C:\wamp\www\sho...', Array, true)
#5 C:\wamp\www\yii\framework\web\widgets\CContentDecorator.php(55): CContentDecorator->decorate('??11111111')
#6 C:\wamp\www\yii\framework\web\widgets\COutputProcessor.php(45): CContentDecorator->processOutput('??11111111')
#7 C:\wamp\www\yii\framework\web\CBaseController.php(207): COutputProcessor->run()
#8 C:\wamp\www\yii\framework\web\CBaseController.php(301): CBaseController->endWidget('CContentDecorat...')
#9 C:\wamp\www\show\protected\views\layouts\column_web.php(10): CBaseController->endContent()
#10 C:\wamp\www\yii\framework\web\CBaseController.php(127): require('C:\wamp\www\sho...')
#11 C:\wamp\www\yii\framework\web\CBaseController.php(96): CBaseController->renderInternal('C:\wamp\www\sho...', Array, true)
#12 C:\wamp\www\yii\framework\web\CController.php(785): CBaseController->renderFile('C:\wamp\www\sho...', Array, true)
#13 C:\wamp\www\show\protected\controllers\indexController.php(10): CController->render('index')
#14 C:\wamp\www\yii\framework\web\actions\CInlineAction.php(50): indexController->actionIndex()
#15 C:\wamp\www\yii\framework\web\CController.php(309): CInlineAction->runWithParams(Array)
#16 C:\wamp\www\yii\framework\web\CController.php(287): CController->runAction(Object(CInlineAction))
#17 C:\wamp\www\yii\framework\web\CController.php(266): CController->runActionWithFilters(Object(CInlineAction), Array)
#18 C:\wamp\www\yii\framework\web\CWebApplication.php(276): CController->run('')
#19 C:\wamp\www\yii\framework\web\CWebApplication.php(135): CWebApplication->runController('')
#20 C:\wamp\www\yii\framework\base\CApplication.php(162): CWebApplication->processRequest()
#21 C:\wamp\www\show\index.php(13): CApplication->run()
#22 {main}
REQUEST_URI=/show/index.php
---
2012/12/14 19:01:03 [error] [php] mkdir() [<a href='function.mkdir'>function.mkdir</a>]: No such file or directory (C:\wamp\www\show\protected\controllers\UploadController.php:35)
Stack trace:
#0 C:\wamp\www\yii\framework\web\CController.php(309): CInlineAction->runWithParams()
#1 C:\wamp\www\yii\framework\web\filters\CFilterChain.php(134): UploadController->runAction()
#2 C:\wamp\www\yii\framework\web\filters\CFilter.php(41): CFilterChain->run()
#3 C:\wamp\www\yii\framework\web\CController.php(1146): CAccessControlFilter->filter()
#4 C:\wamp\www\yii\framework\web\filters\CInlineFilter.php(59): UploadController->filterAccessControl()
#5 C:\wamp\www\yii\framework\web\filters\CFilterChain.php(131): CInlineFilter->filter()
#6 C:\wamp\www\yii\framework\web\CController.php(292): CFilterChain->run()
#7 C:\wamp\www\yii\framework\web\CController.php(266): UploadController->runActionWithFilters()
#8 C:\wamp\www\yii\framework\web\CWebApplication.php(276): UploadController->run()
#9 C:\wamp\www\yii\framework\web\CWebApplication.php(135): CWebApplication->runController()
#10 C:\wamp\www\yii\framework\base\CApplication.php(162): CWebApplication->processRequest()
#11 C:\wamp\www\show\index.php(13): CWebApplication->run()
REQUEST_URI=/show/index.php?r=Upload/add&PHPSESSID=kjudrp5be9sv0gfm4vr5cjqfb7
in C:\wamp\www\show\protected\controllers\UploadController.php (35)
in C:\wamp\www\show\index.php (13)
2012/12/14 19:02:12 [error] [php] mkdir() [<a href='function.mkdir'>function.mkdir</a>]: No such file or directory (C:\wamp\www\show\protected\controllers\UploadController.php:35)
Stack trace:
#0 C:\wamp\www\yii\framework\web\CController.php(309): CInlineAction->runWithParams()
#1 C:\wamp\www\yii\framework\web\filters\CFilterChain.php(134): UploadController->runAction()
#2 C:\wamp\www\yii\framework\web\filters\CFilter.php(41): CFilterChain->run()
#3 C:\wamp\www\yii\framework\web\CController.php(1146): CAccessControlFilter->filter()
#4 C:\wamp\www\yii\framework\web\filters\CInlineFilter.php(59): UploadController->filterAccessControl()
#5 C:\wamp\www\yii\framework\web\filters\CFilterChain.php(131): CInlineFilter->filter()
#6 C:\wamp\www\yii\framework\web\CController.php(292): CFilterChain->run()
#7 C:\wamp\www\yii\framework\web\CController.php(266): UploadController->runActionWithFilters()
#8 C:\wamp\www\yii\framework\web\CWebApplication.php(276): UploadController->run()
#9 C:\wamp\www\yii\framework\web\CWebApplication.php(135): CWebApplication->runController()
#10 C:\wamp\www\yii\framework\base\CApplication.php(162): CWebApplication->processRequest()
#11 C:\wamp\www\show\index.php(13): CWebApplication->run()
REQUEST_URI=/show/index.php?r=Upload/add&PHPSESSID=30t4d8r416rad7pqrccp10dt04
in C:\wamp\www\show\protected\controllers\UploadController.php (35)
in C:\wamp\www\show\index.php (13)
2012/12/15 10:37:31 [error] [php] Missing argument 1 for CController::createAbsoluteUrl(), called in C:\wamp\www\show\protected\views\layouts\main_web.php on line 61 and defined (C:\wamp\www\yii\framework\web\CController.php:981)
Stack trace:
#0 C:\wamp\www\yii\framework\web\CBaseController.php(96): indexController->renderInternal()
#1 C:\wamp\www\yii\framework\web\widgets\CContentDecorator.php(77): indexController->renderFile()
#2 C:\wamp\www\yii\framework\web\widgets\CContentDecorator.php(55): CContentDecorator->decorate()
#3 C:\wamp\www\yii\framework\web\widgets\COutputProcessor.php(45): CContentDecorator->processOutput()
#4 C:\wamp\www\yii\framework\web\CBaseController.php(207): CContentDecorator->run()
#5 C:\wamp\www\yii\framework\web\CBaseController.php(301): indexController->endWidget()
#6 C:\wamp\www\show\protected\views\layouts\column_web.php(10): indexController->endContent()
#7 C:\wamp\www\yii\framework\web\CBaseController.php(127): require()
#8 C:\wamp\www\yii\framework\web\CBaseController.php(96): indexController->renderInternal()
#9 C:\wamp\www\yii\framework\web\CController.php(785): indexController->renderFile()
#10 C:\wamp\www\show\protected\controllers\indexController.php(10): indexController->render()
#11 C:\wamp\www\yii\framework\web\actions\CInlineAction.php(50): indexController->actionIndex()
#12 C:\wamp\www\yii\framework\web\CController.php(309): CInlineAction->runWithParams()
#13 C:\wamp\www\yii\framework\web\CController.php(287): indexController->runAction()
#14 C:\wamp\www\yii\framework\web\CController.php(266): indexController->runActionWithFilters()
#15 C:\wamp\www\yii\framework\web\CWebApplication.php(276): indexController->run()
#16 C:\wamp\www\yii\framework\web\CWebApplication.php(135): CWebApplication->runController()
#17 C:\wamp\www\yii\framework\base\CApplication.php(162): CWebApplication->processRequest()
#18 C:\wamp\www\show\index.php(13): CWebApplication->run()
REQUEST_URI=/show/
in C:\wamp\www\show\protected\views\layouts\main_web.php (61)
in C:\wamp\www\show\protected\views\layouts\column_web.php (10)
in C:\wamp\www\show\protected\controllers\indexController.php (10)
2012/12/15 10:42:07 [error] [exception.CException] exception 'CException' with message 'indexController and its behaviors do not have a method or closure named "createAbsoluterUrl".' in C:\wamp\www\yii\framework\base\CComponent.php:266
Stack trace:
#0 C:\wamp\www\show\protected\views\layouts\main_web.php(62): CComponent->__call('createAbsoluter...', Array)
#1 C:\wamp\www\show\protected\views\layouts\main_web.php(62): indexController->createAbsoluterUrl('gallery')
#2 C:\wamp\www\yii\framework\web\CBaseController.php(127): require('C:\wamp\www\sho...')
#3 C:\wamp\www\yii\framework\web\CBaseController.php(96): CBaseController->renderInternal('C:\wamp\www\sho...', Array, true)
#4 C:\wamp\www\yii\framework\web\widgets\CContentDecorator.php(77): CBaseController->renderFile('C:\wamp\www\sho...', Array, true)
#5 C:\wamp\www\yii\framework\web\widgets\CContentDecorator.php(55): CContentDecorator->decorate('??')
#6 C:\wamp\www\yii\framework\web\widgets\COutputProcessor.php(45): CContentDecorator->processOutput('??')
#7 C:\wamp\www\yii\framework\web\CBaseController.php(207): COutputProcessor->run()
#8 C:\wamp\www\yii\framework\web\CBaseController.php(301): CBaseController->endWidget('CContentDecorat...')
#9 C:\wamp\www\show\protected\views\layouts\column_web.php(10): CBaseController->endContent()
#10 C:\wamp\www\yii\framework\web\CBaseController.php(127): require('C:\wamp\www\sho...')
#11 C:\wamp\www\yii\framework\web\CBaseController.php(96): CBaseController->renderInternal('C:\wamp\www\sho...', Array, true)
#12 C:\wamp\www\yii\framework\web\CController.php(785): CBaseController->renderFile('C:\wamp\www\sho...', Array, true)
#13 C:\wamp\www\show\protected\controllers\indexController.php(10): CController->render('index', Array)
#14 C:\wamp\www\yii\framework\web\actions\CInlineAction.php(50): indexController->actionIndex()
#15 C:\wamp\www\yii\framework\web\CController.php(309): CInlineAction->runWithParams(Array)
#16 C:\wamp\www\yii\framework\web\CController.php(287): CController->runAction(Object(CInlineAction))
#17 C:\wamp\www\yii\framework\web\CController.php(266): CController->runActionWithFilters(Object(CInlineAction), Array)
#18 C:\wamp\www\yii\framework\web\CWebApplication.php(276): CController->run('')
#19 C:\wamp\www\yii\framework\web\CWebApplication.php(135): CWebApplication->runController('')
#20 C:\wamp\www\yii\framework\base\CApplication.php(162): CWebApplication->processRequest()
#21 C:\wamp\www\show\index.php(13): CApplication->run()
#22 {main}
REQUEST_URI=/show/
---
2012/12/15 12:43:52 [error] [php] Undefined variable: url (C:\wamp\www\show\protected\views\index\index.php:49)
Stack trace:
#0 C:\wamp\www\yii\framework\web\CController.php(870): indexController->renderFile()
#1 C:\wamp\www\yii\framework\web\CController.php(783): indexController->renderPartial()
#2 C:\wamp\www\show\protected\controllers\indexController.php(10): indexController->render()
#3 C:\wamp\www\yii\framework\web\actions\CInlineAction.php(50): indexController->actionIndex()
#4 C:\wamp\www\yii\framework\web\CController.php(309): CInlineAction->runWithParams()
#5 C:\wamp\www\yii\framework\web\CController.php(287): indexController->runAction()
#6 C:\wamp\www\yii\framework\web\CController.php(266): indexController->runActionWithFilters()
#7 C:\wamp\www\yii\framework\web\CWebApplication.php(276): indexController->run()
#8 C:\wamp\www\yii\framework\web\CWebApplication.php(135): CWebApplication->runController()
#9 C:\wamp\www\yii\framework\base\CApplication.php(162): CWebApplication->processRequest()
#10 C:\wamp\www\show\index.php(13): CWebApplication->run()
REQUEST_URI=/show/
in C:\wamp\www\show\protected\views\index\index.php (49)
in C:\wamp\www\show\protected\controllers\indexController.php (10)
in C:\wamp\www\show\index.php (13)
2012/12/15 14:16:20 [error] [php] date() expects at least 1 parameter, 0 given (C:\wamp\www\show\protected\views\index\index.php:73)
Stack trace:
#0 C:\wamp\www\yii\framework\web\CBaseController.php(96): indexController->renderInternal()
#1 C:\wamp\www\yii\framework\web\CController.php(870): indexController->renderFile()
#2 C:\wamp\www\yii\framework\web\CController.php(783): indexController->renderPartial()
#3 C:\wamp\www\show\protected\controllers\indexController.php(10): indexController->render()
#4 C:\wamp\www\yii\framework\web\actions\CInlineAction.php(50): indexController->actionIndex()
#5 C:\wamp\www\yii\framework\web\CController.php(309): CInlineAction->runWithParams()
#6 C:\wamp\www\yii\framework\web\CController.php(287): indexController->runAction()
#7 C:\wamp\www\yii\framework\web\CController.php(266): indexController->runActionWithFilters()
#8 C:\wamp\www\yii\framework\web\CWebApplication.php(276): indexController->run()
#9 C:\wamp\www\yii\framework\web\CWebApplication.php(135): CWebApplication->runController()
#10 C:\wamp\www\yii\framework\base\CApplication.php(162): CWebApplication->processRequest()
#11 C:\wamp\www\show\index.php(13): CWebApplication->run()
REQUEST_URI=/show/
in C:\wamp\www\show\protected\views\index\index.php (73)
in C:\wamp\www\show\protected\controllers\indexController.php (10)
in C:\wamp\www\show\index.php (13)
2012/12/16 11:33:30 [error] [exception.CHttpException.404] exception 'CHttpException' with message 'The system is unable to find the requested action "index".' in C:\wamp\www\yii\framework\web\CController.php:484
Stack trace:
#0 C:\wamp\www\yii\framework\web\CController.php(271): CController->missingAction('')
#1 C:\wamp\www\yii\framework\web\CWebApplication.php(276): CController->run('')
#2 C:\wamp\www\yii\framework\web\CWebApplication.php(135): CWebApplication->runController('news')
#3 C:\wamp\www\yii\framework\base\CApplication.php(162): CWebApplication->processRequest()
#4 C:\wamp\www\show\index.php(13): CApplication->run()
#5 {main}
REQUEST_URI=/show/index.php?r=news
---
2012/12/16 11:48:35 [error] [exception.CHttpException.404] exception 'CHttpException' with message 'The system is unable to find the requested action "news".' in C:\wamp\www\yii\framework\web\CController.php:484
Stack trace:
#0 C:\wamp\www\yii\framework\web\CController.php(271): CController->missingAction('news')
#1 C:\wamp\www\yii\framework\web\CWebApplication.php(276): CController->run('news')
#2 C:\wamp\www\yii\framework\web\CWebApplication.php(135): CWebApplication->runController('index/news')
#3 C:\wamp\www\yii\framework\base\CApplication.php(162): CWebApplication->processRequest()
#4 C:\wamp\www\show\index.php(13): CApplication->run()
#5 {main}
REQUEST_URI=/show/index.php?r=index/news
HTTP_REFERER=http://localhost/show/
---
2012/12/16 11:49:52 [error] [exception.CHttpException.404] exception 'CHttpException' with message 'The system is unable to find the requested action "news".' in C:\wamp\www\yii\framework\web\CController.php:484
Stack trace:
#0 C:\wamp\www\yii\framework\web\CController.php(271): CController->missingAction('news')
#1 C:\wamp\www\yii\framework\web\CWebApplication.php(276): CController->run('news')
#2 C:\wamp\www\yii\framework\web\CWebApplication.php(135): CWebApplication->runController('index/news')
#3 C:\wamp\www\yii\framework\base\CApplication.php(162): CWebApplication->processRequest()
#4 C:\wamp\www\show\index.php(13): CApplication->run()
#5 {main}
REQUEST_URI=/show/index.php?r=index/news
---
2012/12/16 11:50:01 [error] [exception.CHttpException.404] exception 'CHttpException' with message 'Unable to resolve the request "gallery/index".' in C:\wamp\www\yii\framework\web\CWebApplication.php:280
Stack trace:
#0 C:\wamp\www\yii\framework\web\CWebApplication.php(135): CWebApplication->runController('gallery/index')
#1 C:\wamp\www\yii\framework\base\CApplication.php(162): CWebApplication->processRequest()
#2 C:\wamp\www\show\index.php(13): CApplication->run()
#3 {main}
REQUEST_URI=/show/index.php?r=gallery/index
HTTP_REFERER=http://localhost/show/index.php?r=news/index
---
2012/12/17 14:46:57 [error] [exception.CHttpException.404] exception 'CHttpException' with message 'The requested page does not exist.' in C:\wamp\www\show\protected\modules\Admin\controllers\NewsController.php:183
Stack trace:
#0 C:\wamp\www\show\protected\modules\Admin\controllers\NewsController.php(70): NewsController->loadModel('23')
#1 [internal function]: NewsController->actionView('23')
#2 C:\wamp\www\yii\framework\web\actions\CAction.php(107): ReflectionMethod->invokeArgs(Object(NewsController), Array)
#3 C:\wamp\www\yii\framework\web\actions\CInlineAction.php(48): CAction->runWithParamsInternal(Object(NewsController), Object(ReflectionMethod), Array)
#4 C:\wamp\www\yii\framework\web\CController.php(309): CInlineAction->runWithParams(Array)
#5 C:\wamp\www\yii\framework\web\filters\CFilterChain.php(134): CController->runAction(Object(CInlineAction))
#6 C:\wamp\www\yii\framework\web\filters\CFilter.php(41): CFilterChain->run()
#7 C:\wamp\www\yii\framework\web\CController.php(1146): CFilter->filter(Object(CFilterChain))
#8 C:\wamp\www\yii\framework\web\filters\CInlineFilter.php(59): CController->filterAccessControl(Object(CFilterChain))
#9 C:\wamp\www\yii\framework\web\filters\CFilterChain.php(131): CInlineFilter->filter(Object(CFilterChain))
#10 C:\wamp\www\yii\framework\web\CController.php(292): CFilterChain->run()
#11 C:\wamp\www\yii\framework\web\CController.php(266): CController->runActionWithFilters(Object(CInlineAction), Array)
#12 C:\wamp\www\yii\framework\web\CWebApplication.php(276): CController->run('view')
#13 C:\wamp\www\yii\framework\web\CWebApplication.php(135): CWebApplication->runController('Admin/news/view')
#14 C:\wamp\www\yii\framework\base\CApplication.php(162): CWebApplication->processRequest()
#15 C:\wamp\www\show\index.php(13): CApplication->run()
#16 {main}
REQUEST_URI=/show/index.php?r=Admin/news/view&id=23
---
2012/12/17 14:49:41 [error] [php] Undefined index: cid (C:\wamp\www\show\protected\models\News.php:149)
Stack trace:
#0 C:\wamp\www\show\protected\modules\Admin\controllers\NewsController.php(88): News->save()
#1 C:\wamp\www\yii\framework\web\actions\CInlineAction.php(50): NewsController->actionCreate()
#2 C:\wamp\www\yii\framework\web\CController.php(309): CInlineAction->runWithParams()
#3 C:\wamp\www\yii\framework\web\filters\CFilterChain.php(134): NewsController->runAction()
#4 C:\wamp\www\yii\framework\web\filters\CFilter.php(41): CFilterChain->run()
#5 C:\wamp\www\yii\framework\web\CController.php(1146): CAccessControlFilter->filter()
#6 C:\wamp\www\yii\framework\web\filters\CInlineFilter.php(59): NewsController->filterAccessControl()
#7 C:\wamp\www\yii\framework\web\filters\CFilterChain.php(131): CInlineFilter->filter()
#8 C:\wamp\www\yii\framework\web\CController.php(292): CFilterChain->run()
#9 C:\wamp\www\yii\framework\web\CController.php(266): NewsController->runActionWithFilters()
#10 C:\wamp\www\yii\framework\web\CWebApplication.php(276): NewsController->run()
#11 C:\wamp\www\yii\framework\web\CWebApplication.php(135): CWebApplication->runController()
#12 C:\wamp\www\yii\framework\base\CApplication.php(162): CWebApplication->processRequest()
#13 C:\wamp\www\show\index.php(13): CWebApplication->run()
REQUEST_URI=/show/index.php?r=Admin/news/create&id=24
in C:\wamp\www\show\protected\models\News.php (149)
in C:\wamp\www\show\protected\modules\Admin\controllers\NewsController.php (88)
in C:\wamp\www\show\index.php (13)
2012/12/17 14:50:50 [error] [php] Undefined index: cid (C:\wamp\www\show\protected\models\News.php:149)
Stack trace:
#0 C:\wamp\www\show\protected\modules\Admin\controllers\NewsController.php(88): News->save()
#1 C:\wamp\www\yii\framework\web\actions\CInlineAction.php(50): NewsController->actionCreate()
#2 C:\wamp\www\yii\framework\web\CController.php(309): CInlineAction->runWithParams()
#3 C:\wamp\www\yii\framework\web\filters\CFilterChain.php(134): NewsController->runAction()
#4 C:\wamp\www\yii\framework\web\filters\CFilter.php(41): CFilterChain->run()
#5 C:\wamp\www\yii\framework\web\CController.php(1146): CAccessControlFilter->filter()
#6 C:\wamp\www\yii\framework\web\filters\CInlineFilter.php(59): NewsController->filterAccessControl()
#7 C:\wamp\www\yii\framework\web\filters\CFilterChain.php(131): CInlineFilter->filter()
#8 C:\wamp\www\yii\framework\web\CController.php(292): CFilterChain->run()
#9 C:\wamp\www\yii\framework\web\CController.php(266): NewsController->runActionWithFilters()
#10 C:\wamp\www\yii\framework\web\CWebApplication.php(276): NewsController->run()
#11 C:\wamp\www\yii\framework\web\CWebApplication.php(135): CWebApplication->runController()
#12 C:\wamp\www\yii\framework\base\CApplication.php(162): CWebApplication->processRequest()
#13 C:\wamp\www\show\index.php(13): CWebApplication->run()
REQUEST_URI=/show/index.php?r=Admin/news/create&id=25
in C:\wamp\www\show\protected\models\News.php (149)
in C:\wamp\www\show\protected\modules\Admin\controllers\NewsController.php (88)
in C:\wamp\www\show\index.php (13)
2012/12/17 14:52:54 [error] [php] Undefined index: thumb (C:\wamp\www\show\protected\modules\Admin\controllers\NewsController.php:94)
Stack trace:
#0 C:\wamp\www\yii\framework\web\filters\CFilterChain.php(134): NewsController->runAction()
#1 C:\wamp\www\yii\framework\web\filters\CFilter.php(41): CFilterChain->run()
#2 C:\wamp\www\yii\framework\web\CController.php(1146): CAccessControlFilter->filter()
#3 C:\wamp\www\yii\framework\web\filters\CInlineFilter.php(59): NewsController->filterAccessControl()
#4 C:\wamp\www\yii\framework\web\filters\CFilterChain.php(131): CInlineFilter->filter()
#5 C:\wamp\www\yii\framework\web\CController.php(292): CFilterChain->run()
#6 C:\wamp\www\yii\framework\web\CController.php(266): NewsController->runActionWithFilters()
#7 C:\wamp\www\yii\framework\web\CWebApplication.php(276): NewsController->run()
#8 C:\wamp\www\yii\framework\web\CWebApplication.php(135): CWebApplication->runController()
#9 C:\wamp\www\yii\framework\base\CApplication.php(162): CWebApplication->processRequest()
#10 C:\wamp\www\show\index.php(13): CWebApplication->run()
REQUEST_URI=/show/index.php?r=Admin/news/create&cid=27
in C:\wamp\www\show\protected\modules\Admin\controllers\NewsController.php (94)
in C:\wamp\www\show\index.php (13)
2012/12/17 14:53:34 [error] [system.db.CDbCommand] CDbCommand::execute() failed: SQLSTATE[23000]: Integrity constraint violation: 1062 Duplicate entry ' ' for key 'title_UNIQUE'. The SQL statement executed was: INSERT INTO `bl_news` (`click`, `home_cate`, `home_top`, `children_top`, `title`, `source`, `decription`, `tag`, `type_id`, `recomendation`, `bl_user_id`, `cid`) VALUES (:yp0, :yp1, :yp2, :yp3, :yp4, :yp5, :yp6, :yp7, :yp8, :yp9, :yp10, :yp11).
in C:\wamp\www\show\protected\modules\Admin\controllers\NewsController.php (88)
in C:\wamp\www\show\index.php (13)
2012/12/17 14:53:34 [error] [exception.CDbException] exception 'CDbException' with message 'CDbCommand failed to execute the SQL statement: SQLSTATE[23000]: Integrity constraint violation: 1062 Duplicate entry ' ' for key 'title_UNIQUE'. The SQL statement executed was: INSERT INTO `bl_news` (`click`, `home_cate`, `home_top`, `children_top`, `title`, `source`, `decription`, `tag`, `type_id`, `recomendation`, `bl_user_id`, `cid`) VALUES (:yp0, :yp1, :yp2, :yp3, :yp4, :yp5, :yp6, :yp7, :yp8, :yp9, :yp10, :yp11)' in C:\wamp\www\yii\framework\db\CDbCommand.php:354
Stack trace:
#0 C:\wamp\www\yii\framework\db\ar\CActiveRecord.php(1014): CDbCommand->execute()
#1 C:\wamp\www\yii\framework\db\ar\CActiveRecord.php(787): CActiveRecord->insert(NULL)
#2 C:\wamp\www\show\protected\modules\Admin\controllers\NewsController.php(88): CActiveRecord->save()
#3 C:\wamp\www\yii\framework\web\actions\CInlineAction.php(50): NewsController->actionCreate()
#4 C:\wamp\www\yii\framework\web\CController.php(309): CInlineAction->runWithParams(Array)
#5 C:\wamp\www\yii\framework\web\filters\CFilterChain.php(134): CController->runAction(Object(CInlineAction))
#6 C:\wamp\www\yii\framework\web\filters\CFilter.php(41): CFilterChain->run()
#7 C:\wamp\www\yii\framework\web\CController.php(1146): CFilter->filter(Object(CFilterChain))
#8 C:\wamp\www\yii\framework\web\filters\CInlineFilter.php(59): CController->filterAccessControl(Object(CFilterChain))
#9 C:\wamp\www\yii\framework\web\filters\CFilterChain.php(131): CInlineFilter->filter(Object(CFilterChain))
#10 C:\wamp\www\yii\framework\web\CController.php(292): CFilterChain->run()
#11 C:\wamp\www\yii\framework\web\CController.php(266): CController->runActionWithFilters(Object(CInlineAction), Array)
#12 C:\wamp\www\yii\framework\web\CWebApplication.php(276): CController->run('create')
#13 C:\wamp\www\yii\framework\web\CWebApplication.php(135): CWebApplication->runController('Admin/news/crea...')
#14 C:\wamp\www\yii\framework\base\CApplication.php(162): CWebApplication->processRequest()
#15 C:\wamp\www\show\index.php(13): CApplication->run()
#16 {main}
REQUEST_URI=/show/index.php?r=Admin/news/create&cid=27
HTTP_REFERER=http://localhost/show/index.php?r=Admin/news/create&cid=27
---
2012/12/17 15:05:34 [error] [php] Undefined index: thumb (C:\wamp\www\show\protected\modules\Admin\controllers\NewsController.php:94)
Stack trace:
#0 C:\wamp\www\yii\framework\web\filters\CFilterChain.php(134): NewsController->runAction()
#1 C:\wamp\www\yii\framework\web\filters\CFilter.php(41): CFilterChain->run()
#2 C:\wamp\www\yii\framework\web\CController.php(1146): CAccessControlFilter->filter()
#3 C:\wamp\www\yii\framework\web\filters\CInlineFilter.php(59): NewsController->filterAccessControl()
#4 C:\wamp\www\yii\framework\web\filters\CFilterChain.php(131): CInlineFilter->filter()
#5 C:\wamp\www\yii\framework\web\CController.php(292): CFilterChain->run()
#6 C:\wamp\www\yii\framework\web\CController.php(266): NewsController->runActionWithFilters()
#7 C:\wamp\www\yii\framework\web\CWebApplication.php(276): NewsController->run()
#8 C:\wamp\www\yii\framework\web\CWebApplication.php(135): CWebApplication->runController()
#9 C:\wamp\www\yii\framework\base\CApplication.php(162): CWebApplication->processRequest()
#10 C:\wamp\www\show\index.php(13): CWebApplication->run()
REQUEST_URI=/show/index.php?r=Admin/news/create&cid=27
in C:\wamp\www\show\protected\modules\Admin\controllers\NewsController.php (94)
in C:\wamp\www\show\index.php (13)
